2024-05-26 02:11:35,082 - INFO - Using device: cuda
2024-05-26 02:11:35,187 - INFO - 属性名: precip, 形状: (1461, 69, 88)
2024-05-26 02:11:35,197 - INFO - 属性名: tmax, 形状: (1461, 69, 88)
2024-05-26 02:11:35,207 - INFO - 属性名: tmin, 形状: (1461, 69, 88)
2024-05-26 02:12:26,835 - INFO - 已处理 5000 对节点, Similarity between (244, 4518): 4.105778217315674 weight 0.2435585856437683
2024-05-26 02:12:44,638 - INFO - 已处理 10000 对节点, Similarity between (331, 3904): 4.013087272644043 weight 0.24918408691883087
2024-05-26 02:12:46,255 - INFO - 已处理 15000 对节点, Similarity between (333, 3422): 2.2567808628082275 weight 0.44310706853866577
2024-05-26 02:13:03,666 - INFO - 已处理 20000 对节点, Similarity between (419, 2968): 3.352306842803955 weight 0.29830116033554077
2024-05-26 02:13:05,276 - INFO - 已处理 25000 对节点, Similarity between (421, 2514): 2.448690891265869 weight 0.40837979316711426
2024-05-26 02:13:22,199 - INFO - 已处理 30000 对节点, Similarity between (506, 1993): 2.2408127784729004 weight 0.4462646543979645
2024-05-26 02:13:23,665 - INFO - 已处理 35000 对节点, Similarity between (507, 5232): 4.502102851867676 weight 0.22211793065071106
2024-05-26 02:13:25,231 - INFO - 已处理 40000 对节点, Similarity between (509, 4367): 3.532771348953247 weight 0.2830630838871002
2024-05-26 02:13:26,820 - INFO - 已处理 45000 对节点, Similarity between (511, 3841): 3.126535654067993 weight 0.31984180212020874
2024-05-26 02:13:43,007 - INFO - 已处理 50000 对节点, Similarity between (594, 3400): 3.5534427165985107 weight 0.2814164459705353
2024-05-26 02:13:44,591 - INFO - 已处理 55000 对节点, Similarity between (596, 2972): 2.3416261672973633 weight 0.4270518124103546
2024-05-26 02:13:46,175 - INFO - 已处理 60000 对节点, Similarity between (598, 2544): 2.4066221714019775 weight 0.4155184328556061
2024-05-26 02:14:02,118 - INFO - 已处理 65000 对节点, Similarity between (681, 2085): 1.8984333276748657 weight 0.5267473459243774
2024-05-26 02:14:03,597 - INFO - 已处理 70000 对节点, Similarity between (682, 5588): 3.3786206245422363 weight 0.2959778904914856
2024-05-26 02:14:05,667 - INFO - 已处理 75000 对节点, Similarity between (687, 4539): 2.726289987564087 weight 0.36679747700691223
2024-05-26 02:14:37,443 - INFO - 已处理 80000 对节点, Similarity between (863, 3997): 2.6384999752044678 weight 0.37900179624557495
2024-05-26 02:15:21,132 - INFO - 已处理 85000 对节点, Similarity between (1116, 3569): 2.5375616550445557 weight 0.3940775394439697
2024-05-26 02:15:22,658 - INFO - 已处理 90000 对节点, Similarity between (1118, 3178): 2.3447859287261963 weight 0.4264763295650482
2024-05-26 02:15:24,347 - INFO - 已处理 95000 对节点, Similarity between (1121, 2780): 1.967752456665039 weight 0.5081914067268372
2024-05-26 02:15:26,035 - INFO - 已处理 100000 对节点, Similarity between (1124, 2391): 1.8402186632156372 weight 0.5434107184410095
2024-05-26 02:15:39,479 - INFO - 已处理 105000 对节点, Similarity between (1200, 1899): 1.158849835395813 weight 0.8629171252250671
2024-05-26 02:15:40,913 - INFO - 已处理 110000 对节点, Similarity between (1201, 5141): 3.3575055599212646 weight 0.29783928394317627
2024-05-26 02:15:42,406 - INFO - 已处理 115000 对节点, Similarity between (1203, 4434): 3.0972509384155273 weight 0.32286590337753296
2024-05-26 02:15:43,910 - INFO - 已处理 120000 对节点, Similarity between (1205, 3942): 2.4310951232910156 weight 0.4113355576992035
2024-05-26 02:15:45,423 - INFO - 已处理 125000 对节点, Similarity between (1207, 3564): 2.2703757286071777 weight 0.44045379757881165
2024-05-26 02:15:46,941 - INFO - 已处理 130000 对节点, Similarity between (1209, 3203): 1.7271316051483154 weight 0.5789912939071655
2024-05-26 02:15:48,452 - INFO - 已处理 135000 对节点, Similarity between (1211, 2846): 2.4955570697784424 weight 0.4007105231285095
2024-05-26 02:15:49,961 - INFO - 已处理 140000 对节点, Similarity between (1213, 2489): 2.1258037090301514 weight 0.4704081118106842
2024-05-26 02:16:02,903 - INFO - 已处理 145000 对节点, Similarity between (1287, 2090): 1.5482535362243652 weight 0.6458848714828491
2024-05-26 02:16:04,382 - INFO - 已处理 150000 对节点, Similarity between (1289, 1293): 0.7486164569854736 weight 1.3357796669006348
2024-05-26 02:16:05,824 - INFO - 已处理 155000 对节点, Similarity between (1290, 4716): 3.184654951095581 weight 0.3140047788619995
2024-05-26 02:16:07,322 - INFO - 已处理 160000 对节点, Similarity between (1292, 4199): 2.510664701461792 weight 0.39829930663108826
2024-05-26 02:16:08,825 - INFO - 已处理 165000 对节点, Similarity between (1294, 3826): 2.251624345779419 weight 0.4441218376159668
2024-05-26 02:16:10,331 - INFO - 已处理 170000 对节点, Similarity between (1296, 3486): 2.635134220123291 weight 0.3794858753681183
2024-05-26 02:16:11,840 - INFO - 已处理 175000 对节点, Similarity between (1298, 3158): 1.7998403310775757 weight 0.5556017756462097
2024-05-26 02:16:13,344 - INFO - 已处理 180000 对节点, Similarity between (1300, 2847): 2.60185170173645 weight 0.38434016704559326
2024-05-26 02:16:14,842 - INFO - 已处理 185000 对节点, Similarity between (1302, 2524): 2.522752523422241 weight 0.3963908553123474
2024-05-26 02:16:16,340 - INFO - 已处理 190000 对节点, Similarity between (1304, 2190): 2.313978433609009 weight 0.43215426802635193
2024-05-26 02:16:17,822 - INFO - 已处理 195000 对节点, Similarity between (1306, 1681): 2.045494794845581 weight 0.4888768792152405
2024-05-26 02:16:29,837 - INFO - 已处理 200000 对节点, Similarity between (1375, 4986): 3.136059522628784 weight 0.318870484828949
2024-05-26 02:16:31,323 - INFO - 已处理 205000 对节点, Similarity between (1377, 4453): 2.678788900375366 weight 0.37330162525177
2024-05-26 02:16:32,819 - INFO - 已处理 210000 对节点, Similarity between (1379, 4071): 2.555900812149048 weight 0.39124995470046997
2024-05-26 02:16:34,318 - INFO - 已处理 215000 对节点, Similarity between (1381, 3746): 2.147102117538452 weight 0.4657418727874756
2024-05-26 02:16:35,822 - INFO - 已处理 220000 对节点, Similarity between (1383, 3459): 2.0542354583740234 weight 0.4867967367172241
2024-05-26 02:16:37,324 - INFO - 已处理 225000 对节点, Similarity between (1385, 3181): 2.150617837905884 weight 0.46498048305511475
2024-05-26 02:16:38,827 - INFO - 已处理 230000 对节点, Similarity between (1387, 2896): 2.031862497329712 weight 0.49215686321258545
2024-05-26 02:16:40,323 - INFO - 已处理 235000 对节点, Similarity between (1389, 2624): 2.2461090087890625 weight 0.44521239399909973
2024-05-26 02:16:41,813 - INFO - 已处理 240000 对节点, Similarity between (1391, 2351): 2.5032546520233154 weight 0.39947834610939026
2024-05-26 02:16:43,308 - INFO - 已处理 245000 对节点, Similarity between (1393, 2037): 1.7224128246307373 weight 0.580577552318573
2024-05-26 02:16:55,232 - INFO - 已处理 250000 对节点, Similarity between (1463, 1470): 0.8944832682609558 weight 1.1179513931274414
2024-05-26 02:16:56,665 - INFO - 已处理 255000 对节点, Similarity between (1464, 4886): 2.7079923152923584 weight 0.36927589774131775
2024-05-26 02:16:58,146 - INFO - 已处理 260000 对节点, Similarity between (1466, 4454): 2.664003610610962 weight 0.3753734529018402
2024-05-26 02:16:59,636 - INFO - 已处理 265000 对节点, Similarity between (1468, 4114): 2.2048797607421875 weight 0.4535374045372009
2024-05-26 02:17:01,130 - INFO - 已处理 270000 对节点, Similarity between (1470, 3846): 2.1699321269989014 weight 0.4608417749404907
2024-05-26 02:17:02,624 - INFO - 已处理 275000 对节点, Similarity between (1472, 3597): 1.9446238279342651 weight 0.5142356157302856
2024-05-26 02:17:04,119 - INFO - 已处理 280000 对节点, Similarity between (1474, 3372): 2.196840763092041 weight 0.4551970660686493
2024-05-26 02:17:05,614 - INFO - 已处理 285000 对节点, Similarity between (1476, 3139): 2.1249141693115234 weight 0.4706050157546997
2024-05-26 02:17:07,101 - INFO - 已处理 290000 对节点, Similarity between (1478, 2923): 2.7450318336486816 weight 0.3642931580543518
2024-05-26 02:17:08,583 - INFO - 已处理 295000 对节点, Similarity between (1480, 2698): 3.1818950176239014 weight 0.31427714228630066
2024-05-26 02:17:10,066 - INFO - 已处理 300000 对节点, Similarity between (1482, 2486): 2.3329193592071533 weight 0.42864564061164856
2024-05-26 02:17:20,880 - INFO - 已处理 305000 对节点, Similarity between (1546, 2262): 1.4891921281814575 weight 0.6715005040168762
2024-05-26 02:17:22,655 - INFO - 已处理 310000 对节点, Similarity between (1550, 1994): 1.0487284660339355 weight 0.9535265564918518
2024-05-26 02:17:24,126 - INFO - 已处理 315000 对节点, Similarity between (1552, 1559): 0.768109142780304 weight 1.3018813133239746
2024-05-26 02:17:25,557 - INFO - 已处理 320000 对节点, Similarity between (1553, 5042): 2.960059642791748 weight 0.3378298878669739
2024-05-26 02:17:27,031 - INFO - 已处理 325000 对节点, Similarity between (1555, 4635): 2.782075881958008 weight 0.3594425320625305
2024-05-26 02:17:28,514 - INFO - 已处理 330000 对节点, Similarity between (1557, 4352): 2.181762456893921 weight 0.45834293961524963
2024-05-26 02:17:29,999 - INFO - 已处理 335000 对节点, Similarity between (1559, 4103): 2.168302536010742 weight 0.4611881375312805
2024-05-26 02:17:31,485 - INFO - 已处理 340000 对节点, Similarity between (1561, 3904): 2.266784906387329 weight 0.44115149974823
2024-05-26 02:17:32,973 - INFO - 已处理 345000 对节点, Similarity between (1563, 3721): 2.0801398754119873 weight 0.48073458671569824
2024-05-26 02:17:34,459 - INFO - 已处理 350000 对节点, Similarity between (1565, 3545): 2.0814461708068848 weight 0.4804328978061676
2024-05-26 02:17:35,940 - INFO - 已处理 355000 对节点, Similarity between (1567, 3378): 2.2282509803771973 weight 0.44878047704696655
2024-05-26 02:17:37,414 - INFO - 已处理 360000 对节点, Similarity between (1569, 3215): 2.782428741455078 weight 0.35939693450927734
2024-05-26 02:17:38,887 - INFO - 已处理 365000 对节点, Similarity between (1571, 3055): 2.3610105514526367 weight 0.4235456585884094
2024-05-26 02:17:49,769 - INFO - 已处理 370000 对节点, Similarity between (1637, 2912): 1.7392688989639282 weight 0.5749509334564209
2024-05-26 02:17:51,249 - INFO - 已处理 375000 对节点, Similarity between (1639, 2761): 1.3311419486999512 weight 0.7512290477752686
2024-05-26 02:17:52,727 - INFO - 已处理 380000 对节点, Similarity between (1641, 2612): 1.512682557106018 weight 0.661072850227356
2024-05-26 02:17:54,208 - INFO - 已处理 385000 对节点, Similarity between (1643, 2478): 1.4562164545059204 weight 0.6867063641548157
2024-05-26 02:17:55,687 - INFO - 已处理 390000 对节点, Similarity between (1645, 2334): 0.9656662940979004 weight 1.03554368019104
2024-05-26 02:17:57,166 - INFO - 已处理 395000 对节点, Similarity between (1647, 2185): 1.1593698263168335 weight 0.8625301122665405
2024-05-26 02:17:58,643 - INFO - 已处理 400000 对节点, Similarity between (1649, 2009): 1.2843958139419556 weight 0.7785701155662537
2024-05-26 02:18:00,121 - INFO - 已处理 405000 对节点, Similarity between (1651, 1820): 0.7454731464385986 weight 1.3414119482040405
2024-05-26 02:18:01,562 - INFO - 已处理 410000 对节点, Similarity between (1652, 5499): 3.185910701751709 weight 0.3138810098171234
2024-05-26 02:18:03,022 - INFO - 已处理 415000 对节点, Similarity between (1654, 5063): 2.8717129230499268 weight 0.3482230007648468
2024-05-26 02:18:04,485 - INFO - 已处理 420000 对节点, Similarity between (1656, 4817): 2.774463653564453 weight 0.36042872071266174
2024-05-26 02:18:05,953 - INFO - 已处理 425000 对节点, Similarity between (1658, 4639): 3.014350175857544 weight 0.33174535632133484
2024-05-26 02:18:10,456 - INFO - 已处理 430000 对节点, Similarity between (1681, 4511): 2.9704365730285645 weight 0.33664971590042114
2024-05-26 02:18:11,921 - INFO - 已处理 435000 对节点, Similarity between (1683, 4351): 2.557727336883545 weight 0.3909705579280853
2024-05-26 02:18:18,278 - INFO - 已处理 440000 对节点, Similarity between (1719, 4238): 2.6332075595855713 weight 0.37976354360580444
2024-05-26 02:18:20,459 - INFO - 已处理 445000 对节点, Similarity between (1726, 4109): 2.143190622329712 weight 0.46659186482429504
2024-05-26 02:18:21,933 - INFO - 已处理 450000 对节点, Similarity between (1728, 4016): 2.0608267784118652 weight 0.48523977398872375
2024-05-26 02:18:23,408 - INFO - 已处理 455000 对节点, Similarity between (1730, 3929): 1.9582997560501099 weight 0.5106444358825684
2024-05-26 02:18:24,885 - INFO - 已处理 460000 对节点, Similarity between (1732, 3851): 2.1306562423706055 weight 0.46933674812316895
2024-05-26 02:18:26,361 - INFO - 已处理 465000 对节点, Similarity between (1734, 3792): 2.271043539047241 weight 0.4403242766857147
2024-05-26 02:18:27,846 - INFO - 已处理 470000 对节点, Similarity between (1736, 3722): 1.8998507261276245 weight 0.5263543725013733
2024-05-26 02:18:29,321 - INFO - 已处理 475000 对节点, Similarity between (1738, 3657): 1.7630828619003296 weight 0.56718510389328
2024-05-26 02:18:30,796 - INFO - 已处理 480000 对节点, Similarity between (1740, 3597): 1.8118910789489746 weight 0.5519065260887146
2024-05-26 02:18:32,273 - INFO - 已处理 485000 对节点, Similarity between (1742, 3554): 2.005309581756592 weight 0.49867361783981323
2024-05-26 02:18:33,743 - INFO - 已处理 490000 对节点, Similarity between (1744, 3504): 1.992785096168518 weight 0.5018077492713928
2024-05-26 02:18:35,211 - INFO - 已处理 495000 对节点, Similarity between (1746, 3469): 2.295596122741699 weight 0.43561479449272156
2024-05-26 02:18:36,674 - INFO - 已处理 500000 对节点, Similarity between (1748, 3438): 2.6237874031066895 weight 0.3811269998550415
2024-05-26 02:18:40,663 - INFO - 已处理 505000 对节点, Similarity between (1768, 3400): 2.4490554332733154 weight 0.40831902623176575
2024-05-26 02:18:42,126 - INFO - 已处理 510000 对节点, Similarity between (1770, 3377): 1.9768658876419067 weight 0.5058486461639404
2024-05-26 02:18:43,590 - INFO - 已处理 515000 对节点, Similarity between (1772, 3358): 1.968435525894165 weight 0.5080150961875916
2024-05-26 02:18:45,055 - INFO - 已处理 520000 对节点, Similarity between (1774, 3332): 1.8232085704803467 weight 0.5484805703163147
2024-05-26 02:18:50,838 - INFO - 已处理 525000 对节点, Similarity between (1807, 3321): 2.2625668048858643 weight 0.4419739544391632
2024-05-26 02:18:52,724 - INFO - 已处理 530000 对节点, Similarity between (1812, 3314): 1.8275953531265259 weight 0.5471640825271606
2024-05-26 02:18:54,189 - INFO - 已处理 535000 对节点, Similarity between (1814, 3311): 1.8206725120544434 weight 0.5492445826530457
2024-05-26 02:18:55,658 - INFO - 已处理 540000 对节点, Similarity between (1816, 3312): 1.7470449209213257 weight 0.5723918676376343
2024-05-26 02:18:57,127 - INFO - 已处理 545000 对节点, Similarity between (1818, 3317): 1.6378494501113892 weight 0.610552966594696
2024-05-26 02:18:58,596 - INFO - 已处理 550000 对节点, Similarity between (1820, 3326): 1.46628737449646 weight 0.6819899082183838
2024-05-26 02:19:00,069 - INFO - 已处理 555000 对节点, Similarity between (1822, 3350): 1.7325037717819214 weight 0.5771960020065308
2024-05-26 02:19:01,539 - INFO - 已处理 560000 对节点, Similarity between (1824, 3367): 1.7765209674835205 weight 0.5628947615623474
2024-05-26 02:19:03,009 - INFO - 已处理 565000 对节点, Similarity between (1826, 3388): 1.408372163772583 weight 0.7100345492362976
2024-05-26 02:19:04,479 - INFO - 已处理 570000 对节点, Similarity between (1828, 3413): 1.5266984701156616 weight 0.6550039052963257
2024-05-26 02:19:05,949 - INFO - 已处理 575000 对节点, Similarity between (1830, 3453): 2.006286382675171 weight 0.49843084812164307
2024-05-26 02:19:07,415 - INFO - 已处理 580000 对节点, Similarity between (1832, 3486): 2.0687508583068848 weight 0.48338115215301514
2024-05-26 02:19:08,874 - INFO - 已处理 585000 对节点, Similarity between (1834, 3534): 2.5570571422576904 weight 0.3910730183124542
2024-05-26 02:19:10,333 - INFO - 已处理 590000 对节点, Similarity between (1836, 3575): 2.441960573196411 weight 0.40950533747673035
2024-05-26 02:19:14,147 - INFO - 已处理 595000 对节点, Similarity between (1855, 3633): 2.395127773284912 weight 0.4175125062465668
2024-05-26 02:19:15,604 - INFO - 已处理 600000 对节点, Similarity between (1857, 3682): 2.168715715408325 weight 0.4611002504825592
2024-05-26 02:19:17,064 - INFO - 已处理 605000 对节点, Similarity between (1859, 3749): 2.3220105171203613 weight 0.4306594133377075
2024-05-26 02:19:18,526 - INFO - 已处理 610000 对节点, Similarity between (1861, 3821): 2.1681299209594727 weight 0.46122485399246216
2024-05-26 02:19:19,993 - INFO - 已处理 615000 对节点, Similarity between (1863, 3897): 2.333970308303833 weight 0.42845264077186584
2024-05-26 02:19:21,455 - INFO - 已处理 620000 对节点, Similarity between (1865, 3982): 2.5698726177215576 weight 0.3891228437423706
2024-05-26 02:19:23,191 - INFO - 已处理 625000 对节点, Similarity between (1869, 4073): 2.3478686809539795 weight 0.4259163737297058
2024-05-26 02:19:27,817 - INFO - 已处理 630000 对节点, Similarity between (1894, 4171): 2.2291641235351562 weight 0.44859662652015686
2024-05-26 02:19:29,282 - INFO - 已处理 635000 对节点, Similarity between (1896, 4277): 2.252563238143921 weight 0.4439367353916168
2024-05-26 02:19:31,022 - INFO - 已处理 640000 对节点, Similarity between (1900, 4429): 2.429013252258301 weight 0.4116881191730499
2024-05-26 02:19:32,484 - INFO - 已处理 645000 对节点, Similarity between (1902, 4554): 1.857277750968933 weight 0.5384195446968079
2024-05-26 02:19:33,954 - INFO - 已处理 650000 对节点, Similarity between (1904, 4727): 2.3232016563415527 weight 0.4304386079311371
2024-05-26 02:19:35,437 - INFO - 已处理 655000 对节点, Similarity between (1906, 4960): 2.8107669353485107 weight 0.3557735085487366
2024-05-26 02:19:36,914 - INFO - 已处理 660000 对节点, Similarity between (1908, 5236): 2.540978193283081 weight 0.3935476839542389
2024-05-26 02:19:38,426 - INFO - 已处理 665000 对节点, Similarity between (1911, 1916): 0.6240925192832947 weight 1.602300763130188
2024-05-26 02:19:39,895 - INFO - 已处理 670000 对节点, Similarity between (1913, 2099): 1.4119796752929688 weight 0.7082204818725586
2024-05-26 02:19:41,365 - INFO - 已处理 675000 对节点, Similarity between (1915, 2263): 0.7050127387046814 weight 1.4183939695358276
2024-05-26 02:19:42,831 - INFO - 已处理 680000 对节点, Similarity between (1917, 2406): 1.3606489896774292 weight 0.7349379658699036
2024-05-26 02:19:44,296 - INFO - 已处理 685000 对节点, Similarity between (1919, 2538): 1.157736897468567 weight 0.8637466430664062
2024-05-26 02:19:45,760 - INFO - 已处理 690000 对节点, Similarity between (1921, 2686): 1.8248188495635986 weight 0.5479965806007385
2024-05-26 02:19:47,209 - INFO - 已处理 695000 对节点, Similarity between (1923, 2836): 2.598126173019409 weight 0.3848913013935089
2024-05-26 02:19:48,655 - INFO - 已处理 700000 对节点, Similarity between (1925, 2978): 1.725530982017517 weight 0.5795283913612366
2024-05-26 02:19:52,545 - INFO - 已处理 705000 对节点, Similarity between (1945, 3134): 2.1554551124572754 weight 0.463936984539032
2024-05-26 02:19:53,998 - INFO - 已处理 710000 对节点, Similarity between (1947, 3296): 1.7705625295639038 weight 0.5647890567779541
2024-05-26 02:19:55,455 - INFO - 已处理 715000 对节点, Similarity between (1949, 3461): 1.9996310472488403 weight 0.5000897645950317
2024-05-26 02:19:56,911 - INFO - 已处理 720000 对节点, Similarity between (1951, 3632): 2.048415184020996 weight 0.48817989230155945
2024-05-26 02:19:58,368 - INFO - 已处理 725000 对节点, Similarity between (1953, 3812): 2.198025703430176 weight 0.454951673746109
2024-05-26 02:19:59,827 - INFO - 已处理 730000 对节点, Similarity between (1955, 4002): 2.14627742767334 weight 0.4659208059310913
2024-05-26 02:20:01,286 - INFO - 已处理 735000 对节点, Similarity between (1957, 4208): 3.2626776695251465 weight 0.3064957857131958
2024-05-26 02:20:02,748 - INFO - 已处理 740000 对节点, Similarity between (1959, 4511): 2.6057164669036865 weight 0.3837701380252838
2024-05-26 02:20:07,029 - INFO - 已处理 745000 对节点, Similarity between (1982, 4803): 3.016578435897827 weight 0.3315003216266632
2024-05-26 02:20:08,507 - INFO - 已处理 750000 对节点, Similarity between (1984, 5320): 2.680616855621338 weight 0.3730470836162567
2024-05-26 02:20:10,147 - INFO - 已处理 755000 对节点, Similarity between (1988, 2136): 1.3398644924163818 weight 0.7463385462760925
2024-05-26 02:20:11,605 - INFO - 已处理 760000 对节点, Similarity between (1990, 2367): 1.969980001449585 weight 0.5076167583465576
2024-05-26 02:20:13,066 - INFO - 已处理 765000 对节点, Similarity between (1992, 2592): 0.9902472496032715 weight 1.009838581085205
2024-05-26 02:20:14,528 - INFO - 已处理 770000 对节点, Similarity between (1994, 2805): 1.349338412284851 weight 0.7410984039306641
2024-05-26 02:20:15,990 - INFO - 已处理 775000 对节点, Similarity between (1996, 3030): 1.069480061531067 weight 0.9350250363349915
2024-05-26 02:20:17,453 - INFO - 已处理 780000 对节点, Similarity between (1998, 3261): 1.6369050741195679 weight 0.6109052300453186
2024-05-26 02:20:18,915 - INFO - 已处理 785000 对节点, Similarity between (2000, 3484): 1.6284170150756836 weight 0.6140895485877991
2024-05-26 02:20:20,377 - INFO - 已处理 790000 对节点, Similarity between (2002, 3727): 1.759148120880127 weight 0.5684537291526794
2024-05-26 02:20:21,840 - INFO - 已处理 795000 对节点, Similarity between (2004, 3986): 1.8359919786453247 weight 0.5446617007255554
2024-05-26 02:20:23,305 - INFO - 已处理 800000 对节点, Similarity between (2006, 4275): 2.1521480083465576 weight 0.46464988589286804
2024-05-26 02:20:24,771 - INFO - 已处理 805000 对节点, Similarity between (2008, 4685): 2.780334949493408 weight 0.3596675992012024
2024-05-26 02:20:26,235 - INFO - 已处理 810000 对节点, Similarity between (2010, 5223): 4.258575916290283 weight 0.23481972515583038
2024-05-26 02:20:27,732 - INFO - 已处理 815000 对节点, Similarity between (2013, 2216): 2.005657196044922 weight 0.4985871911048889
2024-05-26 02:20:31,550 - INFO - 已处理 820000 对节点, Similarity between (2033, 2494): 1.3765226602554321 weight 0.7264629602432251
2024-05-26 02:20:33,002 - INFO - 已处理 825000 对节点, Similarity between (2035, 2766): 1.423783540725708 weight 0.7023490071296692
2024-05-26 02:20:34,456 - INFO - 已处理 830000 对节点, Similarity between (2037, 3037): 1.7305296659469604 weight 0.5778543949127197
2024-05-26 02:20:35,909 - INFO - 已处理 835000 对节点, Similarity between (2039, 3314): 2.060922384262085 weight 0.48521727323532104
2024-05-26 02:20:37,362 - INFO - 已处理 840000 对节点, Similarity between (2041, 3594): 1.8673838376998901 weight 0.5355056524276733
2024-05-26 02:20:38,817 - INFO - 已处理 845000 对节点, Similarity between (2043, 3902): 2.1308672428131104 weight 0.46929028630256653
2024-05-26 02:20:40,273 - INFO - 已处理 850000 对节点, Similarity between (2045, 4253): 2.4212939739227295 weight 0.41300061345100403
2024-05-26 02:20:41,737 - INFO - 已处理 855000 对节点, Similarity between (2047, 4705): 2.5601460933685303 weight 0.39060118794441223
2024-05-26 02:20:43,224 - INFO - 已处理 860000 对节点, Similarity between (2049, 5502): 2.5007033348083496 weight 0.399885892868042
2024-05-26 02:20:47,100 - INFO - 已处理 865000 对节点, Similarity between (2070, 2361): 1.78230881690979 weight 0.5610668659210205
2024-05-26 02:20:48,557 - INFO - 已处理 870000 对节点, Similarity between (2072, 2686): 0.9939534664154053 weight 1.006073236465454
2024-05-26 02:20:50,014 - INFO - 已处理 875000 对节点, Similarity between (2074, 3007): 1.5495644807815552 weight 0.6453384757041931
2024-05-26 02:20:51,481 - INFO - 已处理 880000 对节点, Similarity between (2076, 3322): 1.9942717552185059 weight 0.5014336705207825
2024-05-26 02:20:52,934 - INFO - 已处理 885000 对节点, Similarity between (2078, 3653): 1.5843480825424194 weight 0.6311704516410828
2024-05-26 02:20:54,390 - INFO - 已处理 890000 对节点, Similarity between (2080, 4006): 1.686427354812622 weight 0.5929659605026245
2024-05-26 02:20:55,855 - INFO - 已处理 895000 对节点, Similarity between (2082, 4446): 2.0511972904205322 weight 0.487517774105072
2024-05-26 02:20:57,331 - INFO - 已处理 900000 对节点, Similarity between (2084, 5062): 2.5750064849853516 weight 0.3883470296859741
2024-05-26 02:20:58,848 - INFO - 已处理 905000 对节点, Similarity between (2087, 2309): 1.3733967542648315 weight 0.7281163930892944
2024-05-26 02:21:00,307 - INFO - 已处理 910000 对节点, Similarity between (2089, 2668): 1.2442677021026611 weight 0.8036791086196899
2024-05-26 02:21:01,765 - INFO - 已处理 915000 对节点, Similarity between (2091, 3023): 1.4023910760879517 weight 0.7130627632141113
2024-05-26 02:21:03,222 - INFO - 已处理 920000 对节点, Similarity between (2093, 3383): 1.4838651418685913 weight 0.6739111542701721
2024-05-26 02:21:04,678 - INFO - 已处理 925000 对节点, Similarity between (2095, 3751): 1.8399282693862915 weight 0.5434964895248413
2024-05-26 02:21:06,135 - INFO - 已处理 930000 对节点, Similarity between (2097, 4171): 2.3729119300842285 weight 0.4214213490486145
2024-05-26 02:21:07,593 - INFO - 已处理 935000 对节点, Similarity between (2099, 4722): 3.0209150314331055 weight 0.3310244381427765
2024-05-26 02:21:09,107 - INFO - 已处理 940000 对节点, Similarity between (2102, 2173): 1.8891433477401733 weight 0.5293376445770264
2024-05-26 02:21:12,776 - INFO - 已处理 945000 对节点, Similarity between (2121, 2586): 1.4451665878295898 weight 0.6919569373130798
2024-05-26 02:21:14,227 - INFO - 已处理 950000 对节点, Similarity between (2123, 2973): 1.7354310750961304 weight 0.5762223601341248
2024-05-26 02:21:15,678 - INFO - 已处理 955000 对节点, Similarity between (2125, 3373): 1.939010500907898 weight 0.5157243013381958
2024-05-26 02:21:17,127 - INFO - 已处理 960000 对节点, Similarity between (2127, 3771): 2.07318377494812 weight 0.4823475778102875
2024-05-26 02:21:18,584 - INFO - 已处理 965000 对节点, Similarity between (2129, 4250): 2.341862440109253 weight 0.4270087480545044
2024-05-26 02:21:20,048 - INFO - 已处理 970000 对节点, Similarity between (2131, 4891): 3.4275259971618652 weight 0.2917547821998596
2024-05-26 02:21:21,565 - INFO - 已处理 975000 对节点, Similarity between (2134, 2334): 1.2363438606262207 weight 0.8088299036026001
2024-05-26 02:21:23,024 - INFO - 已处理 980000 对节点, Similarity between (2136, 2765): 1.045633316040039 weight 0.9563490748405457
2024-05-26 02:21:24,480 - INFO - 已处理 985000 对节点, Similarity between (2138, 3191): 1.5390979051589966 weight 0.6497270464897156
2024-05-26 02:21:26,063 - INFO - 已处理 990000 对节点, Similarity between (2141, 3623): 1.8207226991653442 weight 0.5492294430732727
2024-05-26 02:21:29,195 - INFO - 已处理 995000 对节点, Similarity between (2156, 4088): 1.950393795967102 weight 0.5127143263816833
2024-05-26 02:21:30,657 - INFO - 已处理 1000000 对节点, Similarity between (2158, 4718): 2.6457507610321045 weight 0.377963125705719
2024-05-26 02:21:32,177 - INFO - 已处理 1005000 对节点, Similarity between (2161, 2277): 1.536463737487793 weight 0.6508409380912781
2024-05-26 02:21:33,631 - INFO - 已处理 1010000 对节点, Similarity between (2163, 2748): 1.342786431312561 weight 0.7447144985198975
2024-05-26 02:21:35,085 - INFO - 已处理 1015000 对节点, Similarity between (2165, 3200): 1.4567089080810547 weight 0.6864742040634155
2024-05-26 02:21:36,536 - INFO - 已处理 1020000 对节点, Similarity between (2167, 3658): 1.765136480331421 weight 0.5665252208709717
2024-05-26 02:21:37,990 - INFO - 已处理 1025000 对节点, Similarity between (2169, 4174): 1.9489644765853882 weight 0.5130903720855713
2024-05-26 02:21:39,459 - INFO - 已处理 1030000 对节点, Similarity between (2171, 4901): 2.581458330154419 weight 0.38737642765045166
2024-05-26 02:21:40,975 - INFO - 已处理 1035000 对节点, Similarity between (2174, 2431): 0.702968418598175 weight 1.4225187301635742
2024-05-26 02:21:42,433 - INFO - 已处理 1040000 对节点, Similarity between (2176, 2922): 1.4685015678405762 weight 0.6809616088867188
2024-05-26 02:21:43,886 - INFO - 已处理 1045000 对节点, Similarity between (2178, 3400): 1.4498658180236816 weight 0.689714252948761
2024-05-26 02:21:45,343 - INFO - 已处理 1050000 对节点, Similarity between (2180, 3906): 1.9479807615280151 weight 0.5133494734764099
2024-05-26 02:21:46,806 - INFO - 已处理 1055000 对节点, Similarity between (2182, 4544): 2.2924699783325195 weight 0.4362088143825531
2024-05-26 02:21:48,330 - INFO - 已处理 1060000 对节点, Similarity between (2185, 2257): 1.3429741859436035 weight 0.7446103692054749
2024-05-26 02:21:49,781 - INFO - 已处理 1065000 对节点, Similarity between (2187, 2776): 1.689113736152649 weight 0.5920229554176331
2024-05-26 02:21:51,227 - INFO - 已处理 1070000 对节点, Similarity between (2189, 3287): 2.070979118347168 weight 0.4828610420227051
2024-05-26 02:21:52,660 - INFO - 已处理 1075000 对节点, Similarity between (2191, 3811): 2.6110520362854004 weight 0.382985919713974
2024-05-26 02:21:56,131 - INFO - 已处理 1080000 对节点, Similarity between (2209, 4446): 2.404280185699463 weight 0.41592317819595337
2024-05-26 02:21:57,651 - INFO - 已处理 1085000 对节点, Similarity between (2212, 2226): 1.0789248943328857 weight 0.9268399477005005
2024-05-26 02:21:59,102 - INFO - 已处理 1090000 对节点, Similarity between (2214, 2773): 1.5352448225021362 weight 0.6513576507568359
2024-05-26 02:22:00,552 - INFO - 已处理 1095000 对节点, Similarity between (2216, 3306): 1.7734452486038208 weight 0.5638710260391235
2024-05-26 02:22:02,002 - INFO - 已处理 1100000 对节点, Similarity between (2218, 3852): 2.1675314903259277 weight 0.4613521695137024
2024-05-26 02:22:03,461 - INFO - 已处理 1105000 对节点, Similarity between (2220, 4549): 2.483196496963501 weight 0.4027051329612732
2024-05-26 02:22:04,982 - INFO - 已处理 1110000 对节点, Similarity between (2223, 2342): 1.20164155960083 weight 0.8321880102157593
2024-05-26 02:22:06,438 - INFO - 已处理 1115000 对节点, Similarity between (2225, 2913): 1.2597368955612183 weight 0.793810248374939
2024-05-26 02:22:07,892 - INFO - 已处理 1120000 对节点, Similarity between (2227, 3468): 1.5804551839828491 weight 0.6327251195907593
2024-05-26 02:22:09,346 - INFO - 已处理 1125000 对节点, Similarity between (2229, 4071): 1.9962866306304932 weight 0.5009275674819946
2024-05-26 02:22:10,815 - INFO - 已处理 1130000 对节点, Similarity between (2231, 4957): 2.497966766357422 weight 0.4003239870071411
2024-05-26 02:22:13,085 - INFO - 已处理 1135000 对节点, Similarity between (2240, 2599): 1.2478951215744019 weight 0.8013429641723633
2024-05-26 02:22:14,537 - INFO - 已处理 1140000 对节点, Similarity between (2242, 3185): 1.6768667697906494 weight 0.5963467359542847
2024-05-26 02:22:15,988 - INFO - 已处理 1145000 对节点, Similarity between (2244, 3767): 1.951301097869873 weight 0.5124759674072266
2024-05-26 02:22:17,452 - INFO - 已处理 1150000 对节点, Similarity between (2246, 4519): 1.9464457035064697 weight 0.5137543082237244
2024-05-26 02:22:18,977 - INFO - 已处理 1155000 对节点, Similarity between (2249, 2386): 1.344620943069458 weight 0.7436984777450562
2024-05-26 02:22:20,430 - INFO - 已处理 1160000 对节点, Similarity between (2251, 2983): 1.6666662693023682 weight 0.5999965667724609
2024-05-26 02:22:21,884 - INFO - 已处理 1165000 对节点, Similarity between (2253, 3589): 1.8378864526748657 weight 0.544100284576416
2024-05-26 02:22:23,341 - INFO - 已处理 1170000 对节点, Similarity between (2255, 4275): 1.8951398134231567 weight 0.5276627540588379
2024-05-26 02:22:24,866 - INFO - 已处理 1175000 对节点, Similarity between (2257, 6007): 2.2277138233184814 weight 0.4488886594772339
2024-05-26 02:22:26,326 - INFO - 已处理 1180000 对节点, Similarity between (2260, 2884): 1.098054051399231 weight 0.9106937050819397
2024-05-26 02:22:27,782 - INFO - 已处理 1185000 对节点, Similarity between (2262, 3508): 1.5275145769119263 weight 0.6546539664268494
2024-05-26 02:22:29,243 - INFO - 已处理 1190000 对节点, Similarity between (2264, 4194): 1.870150089263916 weight 0.5347135663032532
2024-05-26 02:22:30,745 - INFO - 已处理 1195000 对节点, Similarity between (2266, 5515): 2.846836566925049 weight 0.3512658476829529
2024-05-26 02:22:32,233 - INFO - 已处理 1200000 对节点, Similarity between (2269, 2877): 1.1449644565582275 weight 0.8733819127082825
2024-05-26 02:22:33,687 - INFO - 已处理 1205000 对节点, Similarity between (2271, 3530): 1.8765878677368164 weight 0.5328792333602905
2024-05-26 02:22:35,142 - INFO - 已处理 1210000 对节点, Similarity between (2273, 4252): 2.422246217727661 weight 0.41283825039863586
2024-05-26 02:22:36,662 - INFO - 已处理 1215000 对节点, Similarity between (2276, 2297): 1.7149935960769653 weight 0.5830891728401184
2024-05-26 02:22:38,105 - INFO - 已处理 1220000 对节点, Similarity between (2278, 2962): 2.548522472381592 weight 0.3923826813697815
2024-05-26 02:22:39,536 - INFO - 已处理 1225000 对节点, Similarity between (2280, 3635): 2.647921085357666 weight 0.3776533305644989
2024-05-26 02:22:42,730 - INFO - 已处理 1230000 对节点, Similarity between (2296, 4433): 2.3784775733947754 weight 0.42043524980545044
2024-05-26 02:22:44,250 - INFO - 已处理 1235000 对节点, Similarity between (2299, 2448): 1.6536359786987305 weight 0.6047243475914001
2024-05-26 02:22:45,699 - INFO - 已处理 1240000 对节点, Similarity between (2301, 3138): 1.783800482749939 weight 0.5605976581573486
2024-05-26 02:22:47,147 - INFO - 已处理 1245000 对节点, Similarity between (2303, 3837): 1.963212490081787 weight 0.5093666315078735
2024-05-26 02:22:48,609 - INFO - 已处理 1250000 对节点, Similarity between (2305, 4789): 2.5200748443603516 weight 0.3968120217323303
2024-05-26 02:22:50,123 - INFO - 已处理 1255000 对节点, Similarity between (2308, 2704): 1.532655954360962 weight 0.6524578928947449
2024-05-26 02:22:51,575 - INFO - 已处理 1260000 对节点, Similarity between (2310, 3408): 1.6542829275131226 weight 0.6044878363609314
2024-05-26 02:22:53,033 - INFO - 已处理 1265000 对节点, Similarity between (2312, 4173): 2.231212854385376 weight 0.4481847286224365
2024-05-26 02:22:54,560 - INFO - 已处理 1270000 对节点, Similarity between (2315, 2322): 0.802013635635376 weight 1.246846079826355
2024-05-26 02:22:56,012 - INFO - 已处理 1275000 对节点, Similarity between (2317, 3047): 1.7863273620605469 weight 0.5598046779632568
2024-05-26 02:22:57,464 - INFO - 已处理 1280000 对节点, Similarity between (2319, 3789): 1.840970754623413 weight 0.543188750743866
2024-05-26 02:22:58,930 - INFO - 已处理 1285000 对节点, Similarity between (2321, 4773): 2.4846954345703125 weight 0.4024621844291687
2024-05-26 02:23:00,445 - INFO - 已处理 1290000 对节点, Similarity between (2324, 2748): 1.3374203443527222 weight 0.7477024793624878
2024-05-26 02:23:01,896 - INFO - 已处理 1295000 对节点, Similarity between (2326, 3483): 1.8984719514846802 weight 0.5267366170883179
2024-05-26 02:23:03,353 - INFO - 已处理 1300000 对节点, Similarity between (2328, 4332): 2.1418583393096924 weight 0.4668821096420288
2024-05-26 02:23:04,876 - INFO - 已处理 1305000 对节点, Similarity between (2331, 2493): 0.9107886552810669 weight 1.0979374647140503
2024-05-26 02:23:06,327 - INFO - 已处理 1310000 对节点, Similarity between (2333, 3246): 1.4811673164367676 weight 0.6751385927200317
2024-05-26 02:23:07,783 - INFO - 已处理 1315000 对节点, Similarity between (2335, 4032): 1.6594853401184082 weight 0.6025928258895874
2024-05-26 02:23:09,280 - INFO - 已处理 1320000 对节点, Similarity between (2337, 5504): 2.5170321464538574 weight 0.39729171991348267
2024-05-26 02:23:10,770 - INFO - 已处理 1325000 对节点, Similarity between (2340, 3068): 1.3571135997772217 weight 0.7368525266647339
2024-05-26 02:23:12,224 - INFO - 已处理 1330000 对节点, Similarity between (2342, 3856): 1.8155940771102905 weight 0.5507808923721313
2024-05-26 02:23:13,704 - INFO - 已处理 1335000 对节点, Similarity between (2344, 4993): 3.068709135055542 weight 0.3258688449859619
2024-05-26 02:23:15,217 - INFO - 已处理 1340000 对节点, Similarity between (2347, 2952): 0.8542581796646118 weight 1.1705925464630127
2024-05-26 02:23:16,673 - INFO - 已处理 1345000 对节点, Similarity between (2349, 3749): 1.3870394229888916 weight 0.7209548354148865
2024-05-26 02:23:18,145 - INFO - 已处理 1350000 对节点, Similarity between (2351, 4811): 2.5142409801483154 weight 0.39773276448249817
2024-05-26 02:23:19,663 - INFO - 已处理 1355000 对节点, Similarity between (2354, 2884): 0.9559867978096008 weight 1.0460286140441895
2024-05-26 02:23:21,120 - INFO - 已处理 1360000 对节点, Similarity between (2356, 3706): 1.9769654273986816 weight 0.5058231949806213
2024-05-26 02:23:22,588 - INFO - 已处理 1365000 对节点, Similarity between (2358, 4779): 2.320406198501587 weight 0.430957168340683
2024-05-26 02:23:24,105 - INFO - 已处理 1370000 对节点, Similarity between (2361, 2876): 1.9487369060516357 weight 0.5131502747535706
2024-05-26 02:23:25,550 - INFO - 已处理 1375000 对节点, Similarity between (2363, 3712): 2.0311036109924316 weight 0.49234074354171753
2024-05-26 02:23:27,012 - INFO - 已处理 1380000 对节点, Similarity between (2365, 4799): 2.6063480377197266 weight 0.3836771249771118
2024-05-26 02:23:28,510 - INFO - 已处理 1385000 对节点, Similarity between (2368, 2928): 2.384746551513672 weight 0.41933000087738037
2024-05-26 02:23:31,643 - INFO - 已处理 1390000 对节点, Similarity between (2384, 3767): 2.004002571105957 weight 0.49899885058403015
2024-05-26 02:23:33,113 - INFO - 已处理 1395000 对节点, Similarity between (2386, 4967): 2.5155162811279297 weight 0.397531121969223
2024-05-26 02:23:34,623 - INFO - 已处理 1400000 对节点, Similarity between (2389, 3028): 1.2951489686965942 weight 0.7721059918403625
2024-05-26 02:23:36,082 - INFO - 已处理 1405000 对节点, Similarity between (2391, 3901): 1.9280996322631836 weight 0.5186427235603333
2024-05-26 02:23:37,572 - INFO - 已处理 1410000 对节点, Similarity between (2393, 5404): 3.4648921489715576 weight 0.2886084318161011
2024-05-26 02:23:39,063 - INFO - 已处理 1415000 对节点, Similarity between (2396, 3190): 1.419495701789856 weight 0.7044705748558044
2024-05-26 02:23:40,516 - INFO - 已处理 1420000 对节点, Similarity between (2398, 4096): 1.7824316024780273 weight 0.5610281825065613
2024-05-26 02:23:42,046 - INFO - 已处理 1425000 对节点, Similarity between (2401, 2513): 1.170313835144043 weight 0.8544643521308899
2024-05-26 02:23:43,499 - INFO - 已处理 1430000 对节点, Similarity between (2403, 3400): 1.6723369359970093 weight 0.5979620218276978
2024-05-26 02:23:44,958 - INFO - 已处理 1435000 对节点, Similarity between (2405, 4423): 2.1067934036254883 weight 0.4746527373790741
2024-05-26 02:23:46,481 - INFO - 已处理 1440000 对节点, Similarity between (2408, 2773): 1.1326916217803955 weight 0.8828450441360474
2024-05-26 02:23:47,935 - INFO - 已处理 1445000 对节点, Similarity between (2410, 3672): 1.7295242547988892 weight 0.5781903266906738
2024-05-26 02:23:49,405 - INFO - 已处理 1450000 对节点, Similarity between (2412, 4887): 2.3636980056762695 weight 0.42306408286094666
2024-05-26 02:23:50,918 - INFO - 已处理 1455000 对节点, Similarity between (2415, 3088): 1.559728980064392 weight 0.6411328911781311
2024-05-26 02:23:52,371 - INFO - 已处理 1460000 对节点, Similarity between (2417, 4022): 1.9651423692703247 weight 0.5088663697242737
2024-05-26 02:23:53,900 - INFO - 已处理 1465000 对节点, Similarity between (2420, 2518): 0.8559662699699402 weight 1.1682566404342651
2024-05-26 02:23:55,353 - INFO - 已处理 1470000 对节点, Similarity between (2422, 3454): 1.4595561027526855 weight 0.6851351261138916
2024-05-26 02:23:56,818 - INFO - 已处理 1475000 对节点, Similarity between (2424, 4544): 2.0629115104675293 weight 0.4847494065761566
2024-05-26 02:23:58,342 - INFO - 已处理 1480000 对节点, Similarity between (2427, 2933): 1.0194977521896362 weight 0.980865478515625
2024-05-26 02:23:59,794 - INFO - 已处理 1485000 对节点, Similarity between (2429, 3892): 2.063209295272827 weight 0.4846794605255127
2024-05-26 02:24:01,324 - INFO - 已处理 1490000 对节点, Similarity between (2431, 6057): 1.9959449768066406 weight 0.5010132789611816
2024-05-26 02:24:02,779 - INFO - 已处理 1495000 对节点, Similarity between (2434, 3393): 0.9975326657295227 weight 1.0024633407592773
2024-05-26 02:24:04,243 - INFO - 已处理 1500000 对节点, Similarity between (2436, 4518): 1.8735450506210327 weight 0.5337446331977844
2024-05-26 02:24:05,769 - INFO - 已处理 1505000 对节点, Similarity between (2439, 2943): 0.9629434943199158 weight 1.0384716987609863
2024-05-26 02:24:07,227 - INFO - 已处理 1510000 对节点, Similarity between (2441, 3926): 1.4245209693908691 weight 0.7019854187965393
2024-05-26 02:24:08,762 - INFO - 已处理 1515000 对节点, Similarity between (2444, 2514): 1.0884517431259155 weight 0.9187277555465698
2024-05-26 02:24:10,220 - INFO - 已处理 1520000 对节点, Similarity between (2446, 3498): 1.5991538763046265 weight 0.6253267526626587
2024-05-26 02:24:11,686 - INFO - 已处理 1525000 对节点, Similarity between (2448, 4718): 2.6335644721984863 weight 0.3797120749950409
2024-05-26 02:24:13,205 - INFO - 已处理 1530000 对节点, Similarity between (2451, 3118): 1.4557273387908936 weight 0.6869370937347412
2024-05-26 02:24:14,655 - INFO - 已处理 1535000 对节点, Similarity between (2453, 4171): 2.6101386547088623 weight 0.38311994075775146
2024-05-26 02:24:16,170 - INFO - 已处理 1540000 对节点, Similarity between (2456, 2765): 1.9766823053359985 weight 0.5058956146240234
2024-05-26 02:24:19,155 - INFO - 已处理 1545000 对节点, Similarity between (2471, 3789): 1.7545028924942017 weight 0.5699587464332581
2024-05-26 02:24:20,654 - INFO - 已处理 1550000 对节点, Similarity between (2473, 5588): 2.730943202972412 weight 0.36617252230644226
2024-05-26 02:24:22,133 - INFO - 已处理 1555000 对节点, Similarity between (2476, 3461): 1.5993109941482544 weight 0.62526535987854
2024-05-26 02:24:23,594 - INFO - 已处理 1560000 对节点, Similarity between (2478, 4715): 2.6312129497528076 weight 0.3800514042377472
2024-05-26 02:24:25,107 - INFO - 已处理 1565000 对节点, Similarity between (2481, 3178): 1.1843113899230957 weight 0.8443653583526611
2024-05-26 02:24:26,558 - INFO - 已处理 1570000 对节点, Similarity between (2483, 4282): 2.2571537494659424 weight 0.4430338740348816
2024-05-26 02:24:28,082 - INFO - 已处理 1575000 对节点, Similarity between (2486, 2920): 0.9333516359329224 weight 1.0713961124420166
2024-05-26 02:24:29,536 - INFO - 已处理 1580000 对节点, Similarity between (2488, 3991): 1.6575883626937866 weight 0.6032824516296387
2024-05-26 02:24:31,067 - INFO - 已处理 1585000 对节点, Similarity between (2491, 2686): 1.0952361822128296 weight 0.9130367040634155
2024-05-26 02:24:32,521 - INFO - 已处理 1590000 对节点, Similarity between (2493, 3751): 1.7166876792907715 weight 0.5825137495994568
2024-05-26 02:24:34,047 - INFO - 已处理 1595000 对节点, Similarity between (2495, 5971): 2.135266065597534 weight 0.4683235287666321
2024-05-26 02:24:35,505 - INFO - 已处理 1600000 对节点, Similarity between (2498, 3559): 1.3212149143218994 weight 0.756873369216919
2024-05-26 02:24:36,983 - INFO - 已处理 1605000 对节点, Similarity between (2500, 5043): 2.5597407817840576 weight 0.3906630277633667
2024-05-26 02:24:38,490 - INFO - 已处理 1610000 对节点, Similarity between (2503, 3397): 1.7249401807785034 weight 0.5797268748283386
2024-05-26 02:24:39,956 - INFO - 已处理 1615000 对节点, Similarity between (2505, 4716): 2.4872310161590576 weight 0.4020518958568573
2024-05-26 02:24:41,475 - INFO - 已处理 1620000 对节点, Similarity between (2508, 3271): 1.3379756212234497 weight 0.7473921775817871
2024-05-26 02:24:42,939 - INFO - 已处理 1625000 对节点, Similarity between (2510, 4529): 1.8281710147857666 weight 0.546991765499115
2024-05-26 02:24:44,462 - INFO - 已处理 1630000 对节点, Similarity between (2513, 3158): 1.6571561098098755 weight 0.6034398078918457
2024-05-26 02:24:45,923 - INFO - 已处理 1635000 对节点, Similarity between (2515, 4372): 1.9025373458862305 weight 0.5256111025810242
2024-05-26 02:24:47,452 - INFO - 已处理 1640000 对节点, Similarity between (2518, 3093): 1.4617574214935303 weight 0.6841033697128296
2024-05-26 02:24:48,910 - INFO - 已处理 1645000 对节点, Similarity between (2520, 4283): 1.8847001791000366 weight 0.530585527420044
2024-05-26 02:24:50,440 - INFO - 已处理 1650000 对节点, Similarity between (2523, 3042): 0.7651417851448059 weight 1.3069301843643188
2024-05-26 02:24:51,900 - INFO - 已处理 1655000 对节点, Similarity between (2525, 4253): 1.7639918327331543 weight 0.5668928027153015
2024-05-26 02:24:53,430 - INFO - 已处理 1660000 对节点, Similarity between (2528, 3027): 1.1144481897354126 weight 0.8972970247268677
2024-05-26 02:24:54,888 - INFO - 已处理 1665000 对节点, Similarity between (2530, 4248): 1.5852060317993164 weight 0.630828857421875
2024-05-26 02:24:56,417 - INFO - 已处理 1670000 对节点, Similarity between (2533, 3037): 1.2363340854644775 weight 0.8088362812995911
2024-05-26 02:24:57,880 - INFO - 已处理 1675000 对节点, Similarity between (2535, 4268): 1.7684178352355957 weight 0.5654740333557129
2024-05-26 02:24:59,413 - INFO - 已处理 1680000 对节点, Similarity between (2538, 3072): 1.4860278367996216 weight 0.6729303598403931
2024-05-26 02:25:00,868 - INFO - 已处理 1685000 对节点, Similarity between (2540, 4347): 2.910327911376953 weight 0.34360271692276
2024-05-26 02:25:02,381 - INFO - 已处理 1690000 对节点, Similarity between (2543, 3143): 2.3164682388305664 weight 0.4316897988319397
2024-05-26 02:25:05,334 - INFO - 已处理 1695000 对节点, Similarity between (2558, 4454): 2.017970561981201 weight 0.4955449104309082
2024-05-26 02:25:06,858 - INFO - 已处理 1700000 对节点, Similarity between (2561, 3240): 1.567348837852478 weight 0.6380159854888916
2024-05-26 02:25:08,323 - INFO - 已处理 1705000 对节点, Similarity between (2563, 4630): 2.195474624633789 weight 0.45548030734062195
2024-05-26 02:25:09,844 - INFO - 已处理 1710000 对节点, Similarity between (2566, 3372): 1.770882487297058 weight 0.5646870136260986
2024-05-26 02:25:11,313 - INFO - 已处理 1715000 对节点, Similarity between (2568, 4882): 2.1811301708221436 weight 0.458475798368454
2024-05-26 02:25:12,828 - INFO - 已处理 1720000 对节点, Similarity between (2571, 3529): 1.3892978429794312 weight 0.7197828888893127
2024-05-26 02:25:14,314 - INFO - 已处理 1725000 对节点, Similarity between (2573, 5325): 2.736762046813965 weight 0.3653939664363861
2024-05-26 02:25:15,811 - INFO - 已处理 1730000 对节点, Similarity between (2576, 3716): 1.3914940357208252 weight 0.7186468243598938
2024-05-26 02:25:17,345 - INFO - 已处理 1735000 对节点, Similarity between (2579, 2686): 1.0050429105758667 weight 0.9949724674224854
2024-05-26 02:25:18,801 - INFO - 已处理 1740000 对节点, Similarity between (2581, 3931): 1.6674792766571045 weight 0.5997040271759033
2024-05-26 02:25:20,340 - INFO - 已处理 1745000 对节点, Similarity between (2584, 2920): 1.131025791168213 weight 0.8841453194618225
2024-05-26 02:25:21,798 - INFO - 已处理 1750000 对节点, Similarity between (2586, 4208): 3.1323370933532715 weight 0.3192494213581085
2024-05-26 02:25:23,329 - INFO - 已处理 1755000 对节点, Similarity between (2589, 3178): 1.5871851444244385 weight 0.6300422549247742
2024-05-26 02:25:24,797 - INFO - 已处理 1760000 对节点, Similarity between (2591, 4624): 1.8249253034591675 weight 0.5479646325111389
2024-05-26 02:25:26,322 - INFO - 已处理 1765000 对节点, Similarity between (2594, 3461): 1.171169400215149 weight 0.853840172290802
2024-05-26 02:25:27,814 - INFO - 已处理 1770000 对节点, Similarity between (2596, 5310): 2.877553939819336 weight 0.34751617908477783
2024-05-26 02:25:29,313 - INFO - 已处理 1775000 对节点, Similarity between (2599, 3789): 1.5644629001617432 weight 0.6391929388046265
2024-05-26 02:25:30,848 - INFO - 已处理 1780000 对节点, Similarity between (2602, 2836): 1.2175713777542114 weight 0.8213003277778625
2024-05-26 02:25:32,306 - INFO - 已处理 1785000 对节点, Similarity between (2604, 4171): 1.6133222579956055 weight 0.6198351383209229
2024-05-26 02:25:33,837 - INFO - 已处理 1790000 对节点, Similarity between (2607, 3195): 1.4224421977996826 weight 0.7030113339424133
2024-05-26 02:25:35,306 - INFO - 已处理 1795000 对节点, Similarity between (2609, 4718): 2.2731192111968994 weight 0.43992218375205994
2024-05-26 02:25:36,825 - INFO - 已处理 1800000 对节点, Similarity between (2612, 3579): 1.088965654373169 weight 0.9182941913604736
2024-05-26 02:25:38,360 - INFO - 已处理 1805000 对节点, Similarity between (2615, 2684): 1.0240788459777832 weight 0.9764777421951294
2024-05-26 02:25:39,815 - INFO - 已处理 1810000 对节点, Similarity between (2617, 4021): 1.6024892330169678 weight 0.6240252256393433
2024-05-26 02:25:41,350 - INFO - 已处理 1815000 对节点, Similarity between (2620, 3119): 1.2249755859375 weight 0.8163361549377441
2024-05-26 02:25:42,815 - INFO - 已处理 1820000 对节点, Similarity between (2622, 4639): 2.049117088317871 weight 0.4880126714706421
2024-05-26 02:25:44,337 - INFO - 已处理 1825000 对节点, Similarity between (2625, 3580): 1.4915900230407715 weight 0.6704210042953491
2024-05-26 02:25:45,868 - INFO - 已处理 1830000 对节点, Similarity between (2628, 2736): 1.6803807020187378 weight 0.595099687576294
2024-05-26 02:25:47,309 - INFO - 已处理 1835000 对节点, Similarity between (2630, 4109): 2.653200626373291 weight 0.37690186500549316
2024-05-26 02:25:48,822 - INFO - 已处理 1840000 对节点, Similarity between (2633, 3236): 2.1133813858032227 weight 0.4731731116771698
2024-05-26 02:25:51,648 - INFO - 已处理 1845000 对节点, Similarity between (2647, 4953): 2.6553406715393066 weight 0.3765980899333954
2024-05-26 02:25:53,155 - INFO - 已处理 1850000 对节点, Similarity between (2650, 3792): 1.7477256059646606 weight 0.5721689462661743
2024-05-26 02:25:54,683 - INFO - 已处理 1855000 对节点, Similarity between (2653, 2967): 1.6395597457885742 weight 0.609916090965271
2024-05-26 02:25:56,143 - INFO - 已处理 1860000 对节点, Similarity between (2655, 4509): 2.025377035140991 weight 0.4937327802181244
2024-05-26 02:25:57,661 - INFO - 已处理 1865000 对节点, Similarity between (2658, 3554): 1.4417831897735596 weight 0.6935807466506958
2024-05-26 02:25:59,191 - INFO - 已处理 1870000 对节点, Similarity between (2661, 2773): 1.3392969369888306 weight 0.7466548085212708
2024-05-26 02:26:00,648 - INFO - 已处理 1875000 对节点, Similarity between (2663, 4242): 2.0791096687316895 weight 0.4809727966785431
2024-05-26 02:26:02,175 - INFO - 已处理 1880000 对节点, Similarity between (2666, 3400): 1.4213285446166992 weight 0.7035621404647827
2024-05-26 02:26:03,691 - INFO - 已处理 1885000 对节点, Similarity between (2668, 5756): 2.9806978702545166 weight 0.33549076318740845
2024-05-26 02:26:05,164 - INFO - 已处理 1890000 对节点, Similarity between (2671, 4096): 1.5570451021194458 weight 0.6422380208969116
2024-05-26 02:26:06,700 - INFO - 已处理 1895000 对节点, Similarity between (2674, 3321): 1.8336615562438965 weight 0.5453539490699768
2024-05-26 02:26:08,196 - INFO - 已处理 1900000 对节点, Similarity between (2676, 5404): 3.3283209800720215 weight 0.3004508912563324
2024-05-26 02:26:09,690 - INFO - 已处理 1905000 对节点, Similarity between (2679, 4068): 1.95066499710083 weight 0.512643039226532
2024-05-26 02:26:11,220 - INFO - 已处理 1910000 对节点, Similarity between (2682, 3317): 1.264430046081543 weight 0.7908639311790466
2024-05-26 02:26:12,717 - INFO - 已处理 1915000 对节点, Similarity between (2684, 5428): 2.3941001892089844 weight 0.417691707611084
2024-05-26 02:26:14,214 - INFO - 已处理 1920000 对节点, Similarity between (2687, 4104): 1.705919861793518 weight 0.5861905813217163
2024-05-26 02:26:15,748 - INFO - 已处理 1925000 对节点, Similarity between (2690, 3388): 0.6933378577232361 weight 1.442277431488037
2024-05-26 02:26:17,286 - INFO - 已处理 1930000 对节点, Similarity between (2693, 2713): 1.2087147235870361 weight 0.8273182511329651
2024-05-26 02:26:18,747 - INFO - 已处理 1935000 对节点, Similarity between (2695, 4258): 1.9634827375411987 weight 0.5092965364456177
2024-05-26 02:26:20,279 - INFO - 已处理 1940000 对节点, Similarity between (2698, 3534): 1.2828984260559082 weight 0.7794788479804993
2024-05-26 02:26:21,816 - INFO - 已处理 1945000 对节点, Similarity between (2701, 2884): 0.8675552010536194 weight 1.152651071548462
2024-05-26 02:26:23,283 - INFO - 已处理 1950000 对节点, Similarity between (2703, 4533): 1.6902748346328735 weight 0.5916162729263306
2024-05-26 02:26:24,808 - INFO - 已处理 1955000 对节点, Similarity between (2706, 3749): 1.2322630882263184 weight 0.8115084171295166
2024-05-26 02:26:26,342 - INFO - 已处理 1960000 对节点, Similarity between (2709, 3128): 1.1661101579666138 weight 0.8575445413589478
2024-05-26 02:26:27,819 - INFO - 已处理 1965000 对节点, Similarity between (2711, 4993): 3.122220993041992 weight 0.32028380036354065
2024-05-26 02:26:29,331 - INFO - 已处理 1970000 对节点, Similarity between (2714, 4073): 1.736552119255066 weight 0.5758504271507263
2024-05-26 02:26:30,859 - INFO - 已处理 1975000 对节点, Similarity between (2717, 3449): 1.841221570968628 weight 0.5431147217750549
2024-05-26 02:26:32,382 - INFO - 已处理 1980000 对节点, Similarity between (2720, 2867): 2.08685040473938 weight 0.4791887402534485
2024-05-26 02:26:35,157 - INFO - 已处理 1985000 对节点, Similarity between (2734, 4554): 1.6110392808914185 weight 0.620713472366333
2024-05-26 02:26:36,681 - INFO - 已处理 1990000 对节点, Similarity between (2737, 3842): 1.6467341184616089 weight 0.6072588562965393
2024-05-26 02:26:38,211 - INFO - 已处理 1995000 对节点, Similarity between (2740, 3286): 1.5023573637008667 weight 0.6656161546707153
2024-05-26 02:26:39,741 - INFO - 已处理 2000000 对节点, Similarity between (2743, 2748): 0.859559178352356 weight 1.1633734703063965
2024-05-26 02:26:41,200 - INFO - 已处理 2005000 对节点, Similarity between (2745, 4428): 1.8541865348815918 weight 0.5393171310424805
2024-05-26 02:26:42,723 - INFO - 已处理 2010000 对节点, Similarity between (2748, 3789): 1.5228043794631958 weight 0.6566788554191589
2024-05-26 02:26:44,251 - INFO - 已处理 2015000 对节点, Similarity between (2751, 3266): 1.18476140499115 weight 0.8440446853637695
2024-05-26 02:26:45,783 - INFO - 已处理 2020000 对节点, Similarity between (2754, 2761): 0.5352356433868408 weight 1.8683010339736938
2024-05-26 02:26:47,246 - INFO - 已处理 2025000 对节点, Similarity between (2756, 4463): 1.8596045970916748 weight 0.5377458333969116
2024-05-26 02:26:48,769 - INFO - 已处理 2030000 对节点, Similarity between (2759, 3857): 1.788774847984314 weight 0.5590386986732483
2024-05-26 02:26:50,304 - INFO - 已处理 2035000 对节点, Similarity between (2762, 3378): 0.9511244297027588 weight 1.0513761043548584
2024-05-26 02:26:51,837 - INFO - 已处理 2040000 对节点, Similarity between (2765, 2917): 1.309173345565796 weight 0.7638349533081055
2024-05-26 02:26:53,307 - INFO - 已处理 2045000 对节点, Similarity between (2767, 4784): 2.1642632484436035 weight 0.46204885840415955
2024-05-26 02:26:54,827 - INFO - 已处理 2050000 对节点, Similarity between (2770, 4103): 1.5269843339920044 weight 0.6548812985420227
2024-05-26 02:26:56,361 - INFO - 已处理 2055000 对节点, Similarity between (2773, 3635): 1.0536240339279175 weight 0.949096143245697
2024-05-26 02:26:57,897 - INFO - 已处理 2060000 对节点, Similarity between (2776, 3205): 0.9365665912628174 weight 1.067718267440796
2024-05-26 02:26:59,433 - INFO - 已处理 2065000 对节点, Similarity between (2779, 2786): 0.6357853412628174 weight 1.5728331804275513
2024-05-26 02:27:00,901 - INFO - 已处理 2070000 对节点, Similarity between (2781, 4619): 1.6430082321166992 weight 0.6086359620094299
2024-05-26 02:27:02,425 - INFO - 已处理 2075000 对节点, Similarity between (2784, 4064): 1.6482124328613281 weight 0.6067142486572266
2024-05-26 02:27:03,958 - INFO - 已处理 2080000 对节点, Similarity between (2787, 3638): 1.1508853435516357 weight 0.8688887357711792
2024-05-26 02:27:05,492 - INFO - 已处理 2085000 对节点, Similarity between (2790, 3261): 1.3347461223602295 weight 0.7492005228996277
2024-05-26 02:27:07,027 - INFO - 已处理 2090000 对节点, Similarity between (2793, 2884): 0.5935162901878357 weight 1.6848453283309937
2024-05-26 02:27:08,503 - INFO - 已处理 2095000 对节点, Similarity between (2795, 4865): 2.328693389892578 weight 0.4294235110282898
2024-05-26 02:27:10,021 - INFO - 已处理 2100000 对节点, Similarity between (2798, 4275): 1.6952710151672363 weight 0.5898727178573608
2024-05-26 02:27:11,552 - INFO - 已处理 2105000 对节点, Similarity between (2801, 3881): 1.703682541847229 weight 0.5869603753089905
2024-05-26 02:27:13,086 - INFO - 已处理 2110000 对节点, Similarity between (2804, 3535): 1.5637519359588623 weight 0.6394835114479065
2024-05-26 02:27:14,613 - INFO - 已处理 2115000 对节点, Similarity between (2807, 3211): 2.0729258060455322 weight 0.4824075996875763
2024-05-26 02:27:17,304 - INFO - 已处理 2120000 对节点, Similarity between (2821, 2896): 1.9475301504135132 weight 0.5134682059288025
2024-05-26 02:27:18,776 - INFO - 已处理 2125000 对节点, Similarity between (2823, 4963): 2.3988664150238037 weight 0.4168618321418762
2024-05-26 02:27:20,300 - INFO - 已处理 2130000 对节点, Similarity between (2826, 4443): 1.7381620407104492 weight 0.5753170251846313
2024-05-26 02:27:21,825 - INFO - 已处理 2135000 对节点, Similarity between (2829, 4071): 1.6180520057678223 weight 0.6180232763290405
2024-05-26 02:27:23,353 - INFO - 已处理 2140000 对节点, Similarity between (2832, 3761): 1.672935962677002 weight 0.5977479219436646
2024-05-26 02:27:24,884 - INFO - 已处理 2145000 对节点, Similarity between (2835, 3494): 1.4911110401153564 weight 0.6706363558769226
2024-05-26 02:27:26,417 - INFO - 已处理 2150000 对节点, Similarity between (2838, 3241): 1.5318598747253418 weight 0.6527969837188721
2024-05-26 02:27:27,957 - INFO - 已处理 2155000 对节点, Similarity between (2841, 3007): 0.927295982837677 weight 1.0783926248550415
2024-05-26 02:27:29,453 - INFO - 已处理 2160000 对节点, Similarity between (2843, 5412): 2.832531690597534 weight 0.35303980112075806
2024-05-26 02:27:30,962 - INFO - 已处理 2165000 对节点, Similarity between (2846, 4798): 1.7539883852005005 weight 0.570125937461853
2024-05-26 02:27:32,485 - INFO - 已处理 2170000 对节点, Similarity between (2849, 4446): 1.8443307876586914 weight 0.5421991348266602
2024-05-26 02:27:34,014 - INFO - 已处理 2175000 对节点, Similarity between (2852, 4168): 1.757392406463623 weight 0.5690216422080994
2024-05-26 02:27:35,545 - INFO - 已处理 2180000 对节点, Similarity between (2855, 3932): 1.474515438079834 weight 0.6781842708587646
2024-05-26 02:27:37,079 - INFO - 已处理 2185000 对节点, Similarity between (2858, 3742): 1.0188814401626587 weight 0.981458842754364
2024-05-26 02:27:38,612 - INFO - 已处理 2190000 对节点, Similarity between (2861, 3564): 0.7853907942771912 weight 1.2732352018356323
2024-05-26 02:27:40,148 - INFO - 已处理 2195000 对节点, Similarity between (2864, 3400): 0.9428085088729858 weight 1.0606495141983032
2024-05-26 02:27:41,683 - INFO - 已处理 2200000 对节点, Similarity between (2867, 3245): 1.5161402225494385 weight 0.659565269947052
2024-05-26 02:27:43,220 - INFO - 已处理 2205000 对节点, Similarity between (2870, 3109): 1.3570005893707275 weight 0.7369139194488525
2024-05-26 02:27:44,757 - INFO - 已处理 2210000 对节点, Similarity between (2873, 2973): 1.0608736276626587 weight 0.9426104426383972
2024-05-26 02:27:46,269 - INFO - 已处理 2215000 对节点, Similarity between (2875, 5676): 2.6594228744506836 weight 0.37602001428604126
2024-05-26 02:27:47,780 - INFO - 已处理 2220000 对节点, Similarity between (2878, 5147): 1.9165414571762085 weight 0.5217704772949219
2024-05-26 02:27:49,306 - INFO - 已处理 2225000 对节点, Similarity between (2881, 4891): 2.9958412647247314 weight 0.3337949514389038
2024-05-26 02:27:50,835 - INFO - 已处理 2230000 对节点, Similarity between (2884, 4718): 2.3064663410186768 weight 0.433561772108078
2024-05-26 02:27:52,367 - INFO - 已处理 2235000 对节点, Similarity between (2887, 4604): 1.9909220933914185 weight 0.5022773146629333
2024-05-26 02:27:53,896 - INFO - 已处理 2240000 对节点, Similarity between (2890, 4459): 2.2488861083984375 weight 0.44466260075569153
2024-05-26 02:27:55,425 - INFO - 已处理 2245000 对节点, Similarity between (2893, 4367): 2.5900051593780518 weight 0.38609811663627625
2024-05-26 02:27:56,942 - INFO - 已处理 2250000 对节点, Similarity between (2896, 4287): 2.421328544616699 weight 0.41299471259117126
2024-05-26 02:27:59,614 - INFO - 已处理 2255000 对节点, Similarity between (2910, 4250): 1.8369693756103516 weight 0.5443719029426575
2024-05-26 02:28:01,141 - INFO - 已处理 2260000 对节点, Similarity between (2913, 4193): 1.9091918468475342 weight 0.5237790942192078
2024-05-26 02:28:02,672 - INFO - 已处理 2265000 对节点, Similarity between (2916, 4174): 1.8508702516555786 weight 0.5402834415435791
2024-05-26 02:28:04,202 - INFO - 已处理 2270000 对节点, Similarity between (2919, 4164): 1.6704422235488892 weight 0.5986402630805969
2024-05-26 02:28:05,733 - INFO - 已处理 2275000 对节点, Similarity between (2922, 4163): 1.429854393005371 weight 0.6993669867515564
2024-05-26 02:28:07,263 - INFO - 已处理 2280000 对节点, Similarity between (2925, 4171): 1.7889351844787598 weight 0.558988630771637
2024-05-26 02:28:08,792 - INFO - 已处理 2285000 对节点, Similarity between (2928, 4188): 1.6188406944274902 weight 0.61772221326828
2024-05-26 02:28:10,325 - INFO - 已处理 2290000 对节点, Similarity between (2931, 4243): 1.6260006427764893 weight 0.6150020956993103
2024-05-26 02:28:11,855 - INFO - 已处理 2295000 对节点, Similarity between (2934, 4278): 1.9352394342422485 weight 0.5167292356491089
2024-05-26 02:28:13,388 - INFO - 已处理 2300000 对节点, Similarity between (2937, 4356): 1.5240055322647095 weight 0.6561613082885742
2024-05-26 02:28:14,922 - INFO - 已处理 2305000 对节点, Similarity between (2940, 4446): 1.7189544439315796 weight 0.5817455649375916
2024-05-26 02:28:16,457 - INFO - 已处理 2310000 对节点, Similarity between (2943, 4548): 2.1259944438934326 weight 0.4703659117221832
2024-05-26 02:28:17,992 - INFO - 已处理 2315000 对节点, Similarity between (2946, 4701): 1.979933500289917 weight 0.5050649046897888
2024-05-26 02:28:19,528 - INFO - 已处理 2320000 对节点, Similarity between (2949, 4871): 2.0777394771575928 weight 0.48128998279571533
2024-05-26 02:28:21,067 - INFO - 已处理 2325000 对节点, Similarity between (2952, 5077): 2.1849186420440674 weight 0.4576808512210846
2024-05-26 02:28:22,621 - INFO - 已处理 2330000 对节点, Similarity between (2955, 5502): 2.092642068862915 weight 0.47786250710487366
2024-05-26 02:28:24,191 - INFO - 已处理 2335000 对节点, Similarity between (2959, 3033): 1.0194649696350098 weight 0.980897068977356
2024-05-26 02:28:25,723 - INFO - 已处理 2340000 对节点, Similarity between (2962, 3175): 1.3959243297576904 weight 0.7163660526275635
2024-05-26 02:28:27,262 - INFO - 已处理 2345000 对节点, Similarity between (2965, 3314): 0.6537522673606873 weight 1.5296080112457275
2024-05-26 02:28:28,796 - INFO - 已处理 2350000 对节点, Similarity between (2968, 3473): 1.008752703666687 weight 0.9913133978843689
2024-05-26 02:28:30,329 - INFO - 已处理 2355000 对节点, Similarity between (2971, 3643): 1.3913078308105469 weight 0.7187430262565613
2024-05-26 02:28:31,860 - INFO - 已处理 2360000 对节点, Similarity between (2974, 3827): 1.3181565999984741 weight 0.7586294412612915
2024-05-26 02:28:33,394 - INFO - 已处理 2365000 对节点, Similarity between (2977, 4026): 1.517536997795105 weight 0.6589581966400146
2024-05-26 02:28:34,928 - INFO - 已处理 2370000 对节点, Similarity between (2980, 4275): 1.8672493696212769 weight 0.535544216632843
2024-05-26 02:28:36,462 - INFO - 已处理 2375000 对节点, Similarity between (2983, 4609): 2.3714373111724854 weight 0.4216834008693695
2024-05-26 02:28:39,008 - INFO - 已处理 2380000 对节点, Similarity between (2996, 4991): 2.266092300415039 weight 0.4412863552570343
2024-05-26 02:28:40,596 - INFO - 已处理 2385000 对节点, Similarity between (3000, 3030): 1.3147462606430054 weight 0.7605972290039062
2024-05-26 02:28:42,129 - INFO - 已处理 2390000 对节点, Similarity between (3003, 3276): 1.1890854835510254 weight 0.8409753441810608
2024-05-26 02:28:43,661 - INFO - 已处理 2395000 对节点, Similarity between (3006, 3530): 1.1273951530456543 weight 0.8869925737380981
2024-05-26 02:28:45,194 - INFO - 已处理 2400000 对节点, Similarity between (3009, 3802): 1.2227973937988281 weight 0.8177902698516846
2024-05-26 02:28:46,729 - INFO - 已处理 2405000 对节点, Similarity between (3012, 4098): 1.5805878639221191 weight 0.6326720118522644
2024-05-26 02:28:48,272 - INFO - 已处理 2410000 对节点, Similarity between (3015, 4511): 1.8345810174942017 weight 0.5450806021690369
2024-05-26 02:28:49,820 - INFO - 已处理 2415000 对节点, Similarity between (3018, 5047): 2.9341933727264404 weight 0.3408080041408539
2024-05-26 02:28:51,406 - INFO - 已处理 2420000 对节点, Similarity between (3022, 3138): 1.2917240858078003 weight 0.7741531133651733
2024-05-26 02:28:52,939 - INFO - 已处理 2425000 对节点, Similarity between (3025, 3461): 0.7264320254325867 weight 1.3765723705291748
2024-05-26 02:28:54,472 - INFO - 已处理 2430000 对节点, Similarity between (3028, 3801): 1.327315092086792 weight 0.7533949017524719
2024-05-26 02:28:56,006 - INFO - 已处理 2435000 对节点, Similarity between (3031, 4179): 1.4088588953018188 weight 0.7097892165184021
2024-05-26 02:28:57,550 - INFO - 已处理 2440000 对节点, Similarity between (3034, 4706): 1.9443787336349487 weight 0.5143004655838013
2024-05-26 02:28:59,148 - INFO - 已处理 2445000 对节点, Similarity between (3038, 3047): 1.0894296169281006 weight 0.9179030656814575
2024-05-26 02:29:00,682 - INFO - 已处理 2450000 对节点, Similarity between (3041, 3418): 1.4039095640182495 weight 0.7122915387153625
2024-05-26 02:29:02,219 - INFO - 已处理 2455000 对节点, Similarity between (3044, 3817): 1.1151238679885864 weight 0.8967533111572266
2024-05-26 02:29:03,757 - INFO - 已处理 2460000 对节点, Similarity between (3047, 4272): 1.6441161632537842 weight 0.6082258224487305
2024-05-26 02:29:05,311 - INFO - 已处理 2465000 对节点, Similarity between (3050, 4960): 2.326448678970337 weight 0.4298378527164459
2024-05-26 02:29:06,904 - INFO - 已处理 2470000 对节点, Similarity between (3054, 3246): 1.5080270767211914 weight 0.6631136536598206
2024-05-26 02:29:08,438 - INFO - 已处理 2475000 对节点, Similarity between (3057, 3677): 1.6801552772521973 weight 0.595179557800293
2024-05-26 02:29:09,973 - INFO - 已处理 2480000 对节点, Similarity between (3060, 4171): 1.7362028360366821 weight 0.5759662389755249
2024-05-26 02:29:11,520 - INFO - 已处理 2485000 对节点, Similarity between (3063, 4876): 2.281963348388672 weight 0.4382172226905823
2024-05-26 02:29:13,111 - INFO - 已处理 2490000 对节点, Similarity between (3067, 3276): 1.549487829208374 weight 0.645370364189148
2024-05-26 02:29:14,642 - INFO - 已处理 2495000 对节点, Similarity between (3070, 3749): 1.6983445882797241 weight 0.5888051986694336
2024-05-26 02:29:17,254 - INFO - 已处理 2500000 对节点, Similarity between (3084, 4331): 1.7613896131515503 weight 0.5677303075790405
2024-05-26 02:29:18,811 - INFO - 已处理 2505000 对节点, Similarity between (3087, 5253): 2.3841662406921387 weight 0.4194320738315582
2024-05-26 02:29:20,386 - INFO - 已处理 2510000 对节点, Similarity between (3091, 3486): 1.6681442260742188 weight 0.5994649529457092
2024-05-26 02:29:21,917 - INFO - 已处理 2515000 对节点, Similarity between (3094, 4026): 1.6746784448623657 weight 0.5971260070800781
2024-05-26 02:29:23,463 - INFO - 已处理 2520000 对节点, Similarity between (3097, 4799): 1.8217040300369263 weight 0.5489335656166077
2024-05-26 02:29:25,057 - INFO - 已处理 2525000 对节点, Similarity between (3101, 3350): 1.1379941701889038 weight 0.878731369972229
2024-05-26 02:29:26,588 - INFO - 已处理 2530000 对节点, Similarity between (3104, 3911): 1.2655134201049805 weight 0.790186882019043
2024-05-26 02:29:28,134 - INFO - 已处理 2535000 对节点, Similarity between (3107, 4691): 2.0265793800354004 weight 0.49343985319137573
2024-05-26 02:29:29,729 - INFO - 已处理 2540000 对节点, Similarity between (3111, 3314): 1.2939149141311646 weight 0.7728423476219177
2024-05-26 02:29:31,267 - INFO - 已处理 2545000 对节点, Similarity between (3114, 3916): 1.2724297046661377 weight 0.7858918309211731
2024-05-26 02:29:32,812 - INFO - 已处理 2550000 对节点, Similarity between (3117, 4728): 1.8156194686889648 weight 0.5507731437683105
2024-05-26 02:29:34,415 - INFO - 已处理 2555000 对节点, Similarity between (3121, 3400): 1.1943411827087402 weight 0.8372746706008911
2024-05-26 02:29:35,950 - INFO - 已处理 2560000 对节点, Similarity between (3124, 4063): 1.8374019861221313 weight 0.5442437529563904
2024-05-26 02:29:37,507 - INFO - 已处理 2565000 对节点, Similarity between (3127, 5058): 1.7450708150863647 weight 0.5730393528938293
2024-05-26 02:29:39,095 - INFO - 已处理 2570000 对节点, Similarity between (3131, 3597): 1.7876843214035034 weight 0.5593797564506531
2024-05-26 02:29:40,636 - INFO - 已处理 2575000 对节点, Similarity between (3134, 4356): 1.3042960166931152 weight 0.7666912078857422
2024-05-26 02:29:42,244 - INFO - 已处理 2580000 对节点, Similarity between (3138, 3235): 1.320084571838379 weight 0.7575214505195618
2024-05-26 02:29:43,779 - INFO - 已处理 2585000 对节点, Similarity between (3141, 3929): 1.0834091901779175 weight 0.9230037331581116
2024-05-26 02:29:45,334 - INFO - 已处理 2590000 对节点, Similarity between (3144, 4962): 2.174320936203003 weight 0.459911584854126
2024-05-26 02:29:46,925 - INFO - 已处理 2595000 对节点, Similarity between (3148, 3637): 1.525795340538025 weight 0.6553915739059448
2024-05-26 02:29:48,464 - INFO - 已处理 2600000 对节点, Similarity between (3151, 4511): 2.0565457344055176 weight 0.4862498939037323
2024-05-26 02:29:50,062 - INFO - 已处理 2605000 对节点, Similarity between (3155, 3403): 1.493931770324707 weight 0.6693701148033142
2024-05-26 02:29:51,592 - INFO - 已处理 2610000 对节点, Similarity between (3158, 4193): 2.299546957015991 weight 0.43486636877059937
2024-05-26 02:29:54,336 - INFO - 已处理 2615000 对节点, Similarity between (3174, 3231): 1.3734447956085205 weight 0.7280909419059753
2024-05-26 02:29:55,868 - INFO - 已处理 2620000 对节点, Similarity between (3177, 4017): 1.6067535877227783 weight 0.622369110584259
2024-05-26 02:29:57,444 - INFO - 已处理 2625000 对节点, Similarity between (3180, 5494): 2.703707456588745 weight 0.3698611259460449
2024-05-26 02:29:59,010 - INFO - 已处理 2630000 对节点, Similarity between (3184, 3917): 1.4948779344558716 weight 0.6689464449882507
2024-05-26 02:30:00,569 - INFO - 已处理 2635000 对节点, Similarity between (3187, 5169): 2.9119818210601807 weight 0.343407541513443
2024-05-26 02:30:02,151 - INFO - 已处理 2640000 对节点, Similarity between (3191, 3886): 1.3571617603302002 weight 0.7368264198303223
2024-05-26 02:30:03,711 - INFO - 已处理 2645000 对节点, Similarity between (3194, 5147): 2.005117654800415 weight 0.4987213611602783
2024-05-26 02:30:05,295 - INFO - 已处理 2650000 对节点, Similarity between (3198, 3904): 1.337685227394104 weight 0.7475544214248657
2024-05-26 02:30:06,866 - INFO - 已处理 2655000 对节点, Similarity between (3201, 5319): 2.532836437225342 weight 0.3948127329349518
2024-05-26 02:30:08,444 - INFO - 已处理 2660000 对节点, Similarity between (3205, 3991): 1.5343351364135742 weight 0.6517438292503357
2024-05-26 02:30:10,054 - INFO - 已处理 2665000 对节点, Similarity between (3209, 3216): 0.6717149019241333 weight 1.4887046813964844
2024-05-26 02:30:11,592 - INFO - 已处理 2670000 对节点, Similarity between (3212, 4154): 2.0342705249786377 weight 0.4915742874145508
2024-05-26 02:30:13,204 - INFO - 已处理 2675000 对节点, Similarity between (3216, 3382): 0.7044042944908142 weight 1.419619083404541
2024-05-26 02:30:14,750 - INFO - 已处理 2680000 对节点, Similarity between (3219, 4419): 1.6169224977493286 weight 0.6184549927711487
2024-05-26 02:30:16,358 - INFO - 已处理 2685000 对节点, Similarity between (3223, 3597): 2.0211353302001953 weight 0.49476897716522217
2024-05-26 02:30:17,911 - INFO - 已处理 2690000 对节点, Similarity between (3226, 4798): 1.5163496732711792 weight 0.6594741344451904
2024-05-26 02:30:19,514 - INFO - 已处理 2695000 对节点, Similarity between (3230, 3896): 1.0875447988510132 weight 0.9194939136505127
2024-05-26 02:30:21,128 - INFO - 已处理 2700000 对节点, Similarity between (3234, 3241): 1.3138465881347656 weight 0.7611180543899536
2024-05-26 02:30:22,667 - INFO - 已处理 2705000 对节点, Similarity between (3237, 4283): 1.9306780099868774 weight 0.5179500579833984
2024-05-26 02:30:24,276 - INFO - 已处理 2710000 对节点, Similarity between (3241, 3617): 1.8191646337509155 weight 0.5496998429298401
2024-05-26 02:30:25,828 - INFO - 已处理 2715000 对节点, Similarity between (3244, 4958): 2.424642562866211 weight 0.4124302268028259
2024-05-26 02:30:27,417 - INFO - 已处理 2720000 对节点, Similarity between (3248, 4071): 1.9467929601669312 weight 0.5136626362800598
2024-05-26 02:30:30,047 - INFO - 已处理 2725000 对节点, Similarity between (3263, 3479): 1.7103420495986938 weight 0.5846749544143677
2024-05-26 02:30:31,596 - INFO - 已处理 2730000 对节点, Similarity between (3266, 4778): 1.8772602081298828 weight 0.5326883792877197
2024-05-26 02:30:33,190 - INFO - 已处理 2735000 对节点, Similarity between (3270, 4012): 1.5724159479141235 weight 0.6359599828720093
2024-05-26 02:30:34,800 - INFO - 已处理 2740000 对节点, Similarity between (3274, 3486): 1.5522843599319458 weight 0.6442077159881592
2024-05-26 02:30:36,350 - INFO - 已处理 2745000 对节点, Similarity between (3277, 4865): 2.235893726348877 weight 0.4472464323043823
2024-05-26 02:30:37,942 - INFO - 已处理 2750000 对节点, Similarity between (3281, 4118): 1.8733484745025635 weight 0.5338006615638733
2024-05-26 02:30:39,550 - INFO - 已处理 2755000 对节点, Similarity between (3285, 3638): 1.1253834962844849 weight 0.8885780572891235
2024-05-26 02:30:41,117 - INFO - 已处理 2760000 对节点, Similarity between (3288, 5325): 2.4269964694976807 weight 0.4120302200317383
2024-05-26 02:30:42,706 - INFO - 已处理 2765000 对节点, Similarity between (3292, 4448): 1.6982650756835938 weight 0.5888327360153198
2024-05-26 02:30:44,311 - INFO - 已处理 2770000 对节点, Similarity between (3296, 3931): 1.4293944835662842 weight 0.6995920538902283
2024-05-26 02:30:45,924 - INFO - 已处理 2775000 对节点, Similarity between (3300, 3540): 1.356776475906372 weight 0.7370356321334839
2024-05-26 02:30:47,489 - INFO - 已处理 2780000 对节点, Similarity between (3303, 5164): 2.4659922122955322 weight 0.4055146276950836
2024-05-26 02:30:49,088 - INFO - 已处理 2785000 对节点, Similarity between (3307, 4508): 1.7053200006484985 weight 0.5863967537879944
2024-05-26 02:30:50,695 - INFO - 已处理 2790000 对节点, Similarity between (3311, 4031): 1.6121556758880615 weight 0.6202836632728577
2024-05-26 02:30:52,310 - INFO - 已处理 2795000 对节点, Similarity between (3315, 3707): 1.3764865398406982 weight 0.7264820337295532
2024-05-26 02:30:53,924 - INFO - 已处理 2800000 对节点, Similarity between (3319, 3400): 0.8983400464057922 weight 1.1131517887115479
2024-05-26 02:30:55,477 - INFO - 已处理 2805000 对节点, Similarity between (3322, 4977): 2.5255889892578125 weight 0.39594566822052
2024-05-26 02:30:57,076 - INFO - 已处理 2810000 对节点, Similarity between (3326, 4523): 2.213895797729492 weight 0.4516904056072235
2024-05-26 02:30:58,679 - INFO - 已处理 2815000 对节点, Similarity between (3330, 4169): 1.9580963850021362 weight 0.5106974840164185
2024-05-26 02:31:00,287 - INFO - 已处理 2820000 对节点, Similarity between (3334, 3904): 1.6483781337738037 weight 0.6066532135009766
2024-05-26 02:31:02,880 - INFO - 已处理 2825000 对节点, Similarity between (3349, 3678): 2.1168768405914307 weight 0.472391813993454
2024-05-26 02:31:04,492 - INFO - 已处理 2830000 对节点, Similarity between (3353, 3488): 1.41435706615448 weight 0.7070300579071045
2024-05-26 02:31:06,074 - INFO - 已处理 2835000 对节点, Similarity between (3356, 5589): 2.4701876640319824 weight 0.404825896024704
2024-05-26 02:31:07,657 - INFO - 已处理 2840000 对节点, Similarity between (3360, 4993): 3.2490458488464355 weight 0.30778172612190247
2024-05-26 02:31:09,260 - INFO - 已处理 2845000 对节点, Similarity between (3364, 4723): 2.144526243209839 weight 0.466301292181015
2024-05-26 02:31:10,867 - INFO - 已处理 2850000 对节点, Similarity between (3368, 4533): 1.5478805303573608 weight 0.6460404992103577
2024-05-26 02:31:12,476 - INFO - 已处理 2855000 对节点, Similarity between (3372, 4366): 2.207460880279541 weight 0.4530071020126343
2024-05-26 02:31:14,086 - INFO - 已处理 2860000 对节点, Similarity between (3376, 4258): 1.9283571243286133 weight 0.5185734629631042
2024-05-26 02:31:15,697 - INFO - 已处理 2865000 对节点, Similarity between (3380, 4171): 1.5456715822219849 weight 0.6469637751579285
2024-05-26 02:31:17,307 - INFO - 已处理 2870000 对节点, Similarity between (3384, 4104): 1.6834864616394043 weight 0.594001829624176
2024-05-26 02:31:18,920 - INFO - 已处理 2875000 对节点, Similarity between (3388, 4078): 1.3658592700958252 weight 0.7321344614028931
2024-05-26 02:31:20,534 - INFO - 已处理 2880000 对节点, Similarity between (3392, 4068): 1.737471342086792 weight 0.5755457282066345
2024-05-26 02:31:22,147 - INFO - 已处理 2885000 对节点, Similarity between (3396, 4074): 1.1947245597839355 weight 0.8370059728622437
2024-05-26 02:31:23,762 - INFO - 已处理 2890000 对节点, Similarity between (3400, 4096): 1.0087261199951172 weight 0.9913395047187805
2024-05-26 02:31:25,378 - INFO - 已处理 2895000 对节点, Similarity between (3404, 4159): 1.0962302684783936 weight 0.9122087955474854
2024-05-26 02:31:26,993 - INFO - 已处理 2900000 对节点, Similarity between (3408, 4242): 1.9863616228103638 weight 0.5034304857254028
2024-05-26 02:31:28,605 - INFO - 已处理 2905000 对节点, Similarity between (3412, 4346): 2.6728804111480713 weight 0.3741268217563629
2024-05-26 02:31:30,216 - INFO - 已处理 2910000 对节点, Similarity between (3416, 4509): 2.3060741424560547 weight 0.43363553285598755
2024-05-26 02:31:31,828 - INFO - 已处理 2915000 对节点, Similarity between (3420, 4693): 2.0197434425354004 weight 0.4951099455356598
2024-05-26 02:31:33,532 - INFO - 已处理 2920000 对节点, Similarity between (3425, 4953): 2.8072733879089355 weight 0.3562162518501282
2024-05-26 02:31:36,026 - INFO - 已处理 2925000 对节点, Similarity between (3439, 5406): 2.4768753051757812 weight 0.40373286604881287
2024-05-26 02:31:37,675 - INFO - 已处理 2930000 对节点, Similarity between (3444, 3539): 1.0247591733932495 weight 0.9758294820785522
2024-05-26 02:31:39,287 - INFO - 已处理 2935000 对节点, Similarity between (3448, 3736): 1.4088691473007202 weight 0.7097840905189514
2024-05-26 02:31:40,899 - INFO - 已处理 2940000 对节点, Similarity between (3452, 3972): 1.6790976524353027 weight 0.5955544114112854
2024-05-26 02:31:42,518 - INFO - 已处理 2945000 对节点, Similarity between (3456, 4250): 1.2959990501403809 weight 0.771599531173706
2024-05-26 02:31:44,140 - INFO - 已处理 2950000 对节点, Similarity between (3460, 4620): 1.436971664428711 weight 0.6959031224250793
2024-05-26 02:31:45,769 - INFO - 已处理 2955000 对节点, Similarity between (3464, 5163): 2.3029115200042725 weight 0.4342310428619385
2024-05-26 02:31:47,435 - INFO - 已处理 2960000 对节点, Similarity between (3469, 3627): 1.0825586318969727 weight 0.9237289428710938
2024-05-26 02:31:49,052 - INFO - 已处理 2965000 对节点, Similarity between (3473, 3941): 1.5045746564865112 weight 0.6646352410316467
2024-05-26 02:31:50,671 - INFO - 已处理 2970000 对节点, Similarity between (3477, 4357): 1.3816196918487549 weight 0.7237829566001892
2024-05-26 02:31:52,299 - INFO - 已处理 2975000 对节点, Similarity between (3481, 4960): 2.3419642448425293 weight 0.42699018120765686
2024-05-26 02:31:53,970 - INFO - 已处理 2980000 对节点, Similarity between (3486, 3635): 1.1308910846710205 weight 0.8842506408691406
2024-05-26 02:31:55,589 - INFO - 已处理 2985000 对节点, Similarity between (3490, 4059): 1.8059788942337036 weight 0.5537132620811462
2024-05-26 02:31:57,216 - INFO - 已处理 2990000 对节点, Similarity between (3494, 4619): 1.5524990558624268 weight 0.64411860704422
2024-05-26 02:31:58,897 - INFO - 已处理 2995000 对节点, Similarity between (3499, 3529): 1.7030835151672363 weight 0.5871667861938477
2024-05-26 02:32:00,507 - INFO - 已处理 3000000 对节点, Similarity between (3503, 3996): 2.195636034011841 weight 0.4554468095302582
2024-05-26 02:32:02,123 - INFO - 已处理 3005000 对节点, Similarity between (3507, 4630): 1.9076298475265503 weight 0.5242079496383667
2024-05-26 02:32:04,712 - INFO - 已处理 3010000 对节点, Similarity between (3523, 3618): 1.649848461151123 weight 0.6061125993728638
2024-05-26 02:32:06,325 - INFO - 已处理 3015000 对节点, Similarity between (3527, 4171): 1.5955027341842651 weight 0.6267577409744263
2024-05-26 02:32:07,959 - INFO - 已处理 3020000 对节点, Similarity between (3531, 5048): 2.5538856983184814 weight 0.3915586769580841
2024-05-26 02:32:09,627 - INFO - 已处理 3025000 对节点, Similarity between (3536, 3907): 1.374043583869934 weight 0.7277736663818359
2024-05-26 02:32:11,253 - INFO - 已处理 3030000 对节点, Similarity between (3540, 4690): 1.7815908193588257 weight 0.5612929463386536
2024-05-26 02:32:12,933 - INFO - 已处理 3035000 对节点, Similarity between (3545, 3761): 1.3792306184768677 weight 0.72503662109375
2024-05-26 02:32:14,562 - INFO - 已处理 3040000 对节点, Similarity between (3549, 4528): 1.3166700601577759 weight 0.7594859600067139
2024-05-26 02:32:16,249 - INFO - 已处理 3045000 对节点, Similarity between (3554, 3726): 0.7020442485809326 weight 1.424391269683838
2024-05-26 02:32:17,873 - INFO - 已处理 3050000 对节点, Similarity between (3558, 4529): 1.7289468050003052 weight 0.5783834457397461
2024-05-26 02:32:19,559 - INFO - 已处理 3055000 对节点, Similarity between (3563, 3772): 2.0047521591186523 weight 0.4988122880458832
2024-05-26 02:32:21,184 - INFO - 已处理 3060000 对节点, Similarity between (3567, 4693): 2.3673768043518066 weight 0.4224066734313965
2024-05-26 02:32:22,864 - INFO - 已处理 3065000 对节点, Similarity between (3572, 3929): 1.1868928670883179 weight 0.8425289392471313
2024-05-26 02:32:24,505 - INFO - 已处理 3070000 对节点, Similarity between (3576, 5053): 2.179598331451416 weight 0.45879802107810974
2024-05-26 02:32:26,180 - INFO - 已处理 3075000 对节点, Similarity between (3581, 4204): 1.678849697113037 weight 0.5956423878669739
2024-05-26 02:32:27,877 - INFO - 已处理 3080000 对节点, Similarity between (3586, 3702): 1.6469465494155884 weight 0.6071805357933044
2024-05-26 02:32:29,506 - INFO - 已处理 3085000 对节点, Similarity between (3590, 4715): 2.272571086883545 weight 0.4400283098220825
2024-05-26 02:32:31,186 - INFO - 已处理 3090000 对节点, Similarity between (3595, 4108): 1.3793154954910278 weight 0.724992036819458
2024-05-26 02:32:33,922 - INFO - 已处理 3095000 对节点, Similarity between (3613, 3701): 0.4318908751010895 weight 2.3153460025787354
2024-05-26 02:32:35,552 - INFO - 已处理 3100000 对节点, Similarity between (3617, 4816): 1.9839342832565308 weight 0.5040463805198669
2024-05-26 02:32:37,239 - INFO - 已处理 3105000 对节点, Similarity between (3622, 4287): 1.5504860877990723 weight 0.6449548602104187
2024-05-26 02:32:38,929 - INFO - 已处理 3110000 对节点, Similarity between (3627, 3926): 1.1350767612457275 weight 0.8809899091720581
2024-05-26 02:32:40,625 - INFO - 已处理 3115000 对节点, Similarity between (3632, 3642): 0.8385376334190369 weight 1.1925380229949951
2024-05-26 02:32:42,262 - INFO - 已处理 3120000 对节点, Similarity between (3636, 4894): 2.525330066680908 weight 0.39598625898361206
2024-05-26 02:32:43,951 - INFO - 已处理 3125000 对节点, Similarity between (3641, 4524): 1.6984244585037231 weight 0.588777482509613
2024-05-26 02:32:45,641 - INFO - 已处理 3130000 对节点, Similarity between (3646, 4243): 1.6160192489624023 weight 0.618800699710846
2024-05-26 02:32:47,331 - INFO - 已处理 3135000 对节点, Similarity between (3651, 4022): 1.6483746767044067 weight 0.6066545248031616
2024-05-26 02:32:49,021 - INFO - 已处理 3140000 对节点, Similarity between (3656, 3882): 1.7131147384643555 weight 0.5837286710739136
2024-05-26 02:32:50,716 - INFO - 已处理 3145000 对节点, Similarity between (3661, 3757): 1.0314140319824219 weight 0.9695333242416382
2024-05-26 02:32:52,412 - INFO - 已处理 3150000 对节点, Similarity between (3666, 3673): 1.0678606033325195 weight 0.936443030834198
2024-05-26 02:32:54,077 - INFO - 已处理 3155000 对节点, Similarity between (3670, 5502): 1.93576979637146 weight 0.5165876746177673
2024-05-26 02:32:55,771 - INFO - 已处理 3160000 对节点, Similarity between (3675, 5404): 3.1970860958099365 weight 0.3127838373184204
2024-05-26 02:32:57,459 - INFO - 已处理 3165000 对节点, Similarity between (3680, 5404): 3.1358065605163574 weight 0.31889620423316956
2024-05-26 02:32:59,152 - INFO - 已处理 3170000 对节点, Similarity between (3685, 5502): 2.281118392944336 weight 0.43837952613830566
2024-05-26 02:33:01,978 - INFO - 已处理 3175000 对节点, Similarity between (3705, 3712): 1.4039957523345947 weight 0.7122477889060974
2024-05-26 02:33:03,669 - INFO - 已处理 3180000 对节点, Similarity between (3710, 3807): 1.1219717264175415 weight 0.8912801146507263
2024-05-26 02:33:05,361 - INFO - 已处理 3185000 对节点, Similarity between (3715, 3927): 1.1631138324737549 weight 0.8597536683082581
2024-05-26 02:33:07,060 - INFO - 已处理 3190000 对节点, Similarity between (3720, 4099): 1.106339454650879 weight 0.9038735032081604
2024-05-26 02:33:08,759 - INFO - 已处理 3195000 对节点, Similarity between (3725, 4342): 1.174675703048706 weight 0.8512915372848511
2024-05-26 02:33:10,462 - INFO - 已处理 3200000 对节点, Similarity between (3730, 4640): 1.7183873653411865 weight 0.5819375514984131
2024-05-26 02:33:12,175 - INFO - 已处理 3205000 对节点, Similarity between (3735, 5142): 2.174344778060913 weight 0.45990654826164246
2024-05-26 02:33:13,919 - INFO - 已处理 3210000 对节点, Similarity between (3741, 3876): 1.7708029747009277 weight 0.5647123456001282
2024-05-26 02:33:15,615 - INFO - 已处理 3215000 对节点, Similarity between (3746, 4203): 1.8394888639450073 weight 0.5436263084411621
2024-05-26 02:33:17,322 - INFO - 已处理 3220000 对节点, Similarity between (3751, 4710): 1.3285592794418335 weight 0.7526893615722656
2024-05-26 02:33:19,085 - INFO - 已处理 3225000 对节点, Similarity between (3757, 3766): 1.8719143867492676 weight 0.5342096090316772
2024-05-26 02:33:20,785 - INFO - 已处理 3230000 对节点, Similarity between (3762, 4203): 1.5898596048355103 weight 0.6289823651313782
2024-05-26 02:33:22,488 - INFO - 已处理 3235000 对节点, Similarity between (3767, 4881): 1.8908827304840088 weight 0.5288507342338562
2024-05-26 02:33:25,376 - INFO - 已处理 3240000 对节点, Similarity between (3788, 3992): 1.1423251628875732 weight 0.8753998279571533
2024-05-26 02:33:27,080 - INFO - 已处理 3245000 对节点, Similarity between (3793, 4640): 2.004432201385498 weight 0.4988919198513031
2024-05-26 02:33:28,839 - INFO - 已处理 3250000 对节点, Similarity between (3799, 3929): 1.4140053987503052 weight 0.7072058916091919
2024-05-26 02:33:30,547 - INFO - 已处理 3255000 对节点, Similarity between (3804, 4693): 1.4892263412475586 weight 0.6714850664138794
2024-05-26 02:33:32,307 - INFO - 已处理 3260000 对节点, Similarity between (3810, 4027): 1.4595130681991577 weight 0.6851553320884705
2024-05-26 02:33:34,023 - INFO - 已处理 3265000 对节点, Similarity between (3815, 4968): 1.645044207572937 weight 0.6078826785087585
2024-05-26 02:33:35,782 - INFO - 已处理 3270000 对节点, Similarity between (3821, 4336): 1.2666863203048706 weight 0.7894551753997803
2024-05-26 02:33:37,558 - INFO - 已处理 3275000 对节点, Similarity between (3827, 3911): 0.7511938214302063 weight 1.331196665763855
2024-05-26 02:33:39,273 - INFO - 已处理 3280000 对节点, Similarity between (3832, 4957): 2.0756008625030518 weight 0.4817858636379242
2024-05-26 02:33:41,031 - INFO - 已处理 3285000 对节点, Similarity between (3838, 4464): 1.7014069557189941 weight 0.5877454280853271
2024-05-26 02:33:42,801 - INFO - 已处理 3290000 对节点, Similarity between (3844, 4171): 1.4365546703338623 weight 0.6961051225662231
2024-05-26 02:33:44,574 - INFO - 已处理 3295000 对节点, Similarity between (3850, 3967): 1.813668131828308 weight 0.5513657331466675
2024-05-26 02:33:46,305 - INFO - 已处理 3300000 对节点, Similarity between (3855, 5500): 3.022693395614624 weight 0.3308296799659729
2024-05-26 02:33:49,133 - INFO - 已处理 3305000 对节点, Similarity between (3876, 5131): 2.8126745223999023 weight 0.3555322289466858
2024-05-26 02:33:50,894 - INFO - 已处理 3310000 对节点, Similarity between (3882, 4962): 2.246225595474243 weight 0.4451892673969269
2024-05-26 02:33:52,660 - INFO - 已处理 3315000 对节点, Similarity between (3888, 4894): 2.610637664794922 weight 0.3830467164516449
2024-05-26 02:33:54,433 - INFO - 已处理 3320000 对节点, Similarity between (3894, 4960): 2.1253511905670166 weight 0.47050824761390686
2024-05-26 02:33:56,209 - INFO - 已处理 3325000 对节点, Similarity between (3900, 5078): 2.085850715637207 weight 0.47941839694976807
2024-05-26 02:33:58,003 - INFO - 已处理 3330000 对节点, Similarity between (3906, 5494): 2.448573350906372 weight 0.40839940309524536
2024-05-26 02:33:59,808 - INFO - 已处理 3335000 对节点, Similarity between (3913, 4007): 0.9015105366706848 weight 1.1092370748519897
2024-05-26 02:34:01,580 - INFO - 已处理 3340000 对节点, Similarity between (3919, 4250): 1.499041199684143 weight 0.6670886278152466
2024-05-26 02:34:03,361 - INFO - 已处理 3345000 对节点, Similarity between (3925, 4605): 1.3905967473983765 weight 0.7191105484962463
2024-05-26 02:34:05,150 - INFO - 已处理 3350000 对节点, Similarity between (3931, 5141): 2.1476807594299316 weight 0.465616375207901
2024-05-26 02:34:06,981 - INFO - 已处理 3355000 对节点, Similarity between (3938, 4154): 2.1565122604370117 weight 0.4637095630168915
2024-05-26 02:34:08,763 - INFO - 已处理 3360000 对节点, Similarity between (3944, 4693): 1.9109468460083008 weight 0.5232980251312256
2024-05-26 02:34:11,986 - INFO - 已处理 3365000 对节点, Similarity between (3971, 4006): 1.8539388179779053 weight 0.5393891930580139
2024-05-26 02:34:13,760 - INFO - 已处理 3370000 对节点, Similarity between (3977, 4629): 1.5551081895828247 weight 0.6430379152297974
2024-05-26 02:34:15,593 - INFO - 已处理 3375000 对节点, Similarity between (3984, 4096): 1.1081006526947021 weight 0.9024369120597839
2024-05-26 02:34:17,383 - INFO - 已处理 3380000 对节点, Similarity between (3990, 4958): 1.9911293983459473 weight 0.5022249817848206
2024-05-26 02:34:19,217 - INFO - 已处理 3385000 对节点, Similarity between (3997, 4458): 1.8648091554641724 weight 0.5362450480461121
2024-05-26 02:34:21,061 - INFO - 已处理 3390000 对节点, Similarity between (4004, 4171): 1.391533613204956 weight 0.7186263799667358
2024-05-26 02:34:22,878 - INFO - 已处理 3395000 对节点, Similarity between (4010, 5604): 2.309025287628174 weight 0.4330812990665436
2024-05-26 02:34:24,704 - INFO - 已处理 3400000 对节点, Similarity between (4017, 5146): 1.643941044807434 weight 0.6082906126976013
2024-05-26 02:34:26,549 - INFO - 已处理 3405000 对节点, Similarity between (4024, 4993): 3.1430792808532715 weight 0.3181583285331726
2024-05-26 02:34:28,400 - INFO - 已处理 3410000 对节点, Similarity between (4031, 5042): 2.2552313804626465 weight 0.4434114992618561
2024-05-26 02:34:31,710 - INFO - 已处理 3415000 对节点, Similarity between (4060, 5164): 2.4248247146606445 weight 0.4123992323875427
2024-05-26 02:34:33,577 - INFO - 已处理 3420000 对节点, Similarity between (4067, 5757): 2.7404251098632812 weight 0.36490556597709656
2024-05-26 02:34:35,442 - INFO - 已处理 3425000 对节点, Similarity between (4075, 4263): 0.8927799463272095 weight 1.120084285736084
2024-05-26 02:34:37,296 - INFO - 已处理 3430000 对节点, Similarity between (4082, 4620): 1.270859956741333 weight 0.7868625521659851
2024-05-26 02:34:39,156 - INFO - 已处理 3435000 对节点, Similarity between (4089, 5236): 2.0543174743652344 weight 0.48677730560302734
2024-05-26 02:34:41,051 - INFO - 已处理 3440000 对节点, Similarity between (4097, 4429): 1.278173804283142 weight 0.7823600769042969
2024-05-26 02:34:42,918 - INFO - 已处理 3445000 对节点, Similarity between (4104, 5231): 2.039421558380127 weight 0.490332692861557
2024-05-26 02:34:44,818 - INFO - 已处理 3450000 对节点, Similarity between (4112, 4625): 1.5557407140731812 weight 0.6427764892578125
2024-05-26 02:34:46,728 - INFO - 已处理 3455000 对节点, Similarity between (4120, 4293): 1.5128437280654907 weight 0.6610024571418762
2024-05-26 02:34:50,215 - INFO - 已处理 3460000 对节点, Similarity between (4152, 6008): 1.7917670011520386 weight 0.5581051707267761
2024-05-26 02:34:52,090 - INFO - 已处理 3465000 对节点, Similarity between (4160, 5407): 2.2090935707092285 weight 0.4526723027229309
2024-05-26 02:34:54,004 - INFO - 已处理 3470000 对节点, Similarity between (4168, 5411): 2.449073314666748 weight 0.408316045999527
2024-05-26 02:34:55,955 - INFO - 已处理 3475000 对节点, Similarity between (4177, 4184): 0.8163046836853027 weight 1.225017786026001
2024-05-26 02:34:57,872 - INFO - 已处理 3480000 对节点, Similarity between (4185, 4424): 1.4760408401489258 weight 0.6774834394454956
2024-05-26 02:34:59,794 - INFO - 已处理 3485000 对节点, Similarity between (4193, 4793): 1.7923020124435425 weight 0.5579385757446289
2024-05-26 02:35:01,776 - INFO - 已处理 3490000 对节点, Similarity between (4202, 4238): 2.2589921951293945 weight 0.44267332553863525
2024-05-26 02:35:05,461 - INFO - 已处理 3495000 对节点, Similarity between (4239, 4817): 1.9712778329849243 weight 0.5072826147079468
2024-05-26 02:35:07,432 - INFO - 已处理 3500000 对节点, Similarity between (4248, 4523): 1.683846354484558 weight 0.5938748717308044
2024-05-26 02:35:09,407 - INFO - 已处理 3505000 对节点, Similarity between (4257, 4361): 1.56577467918396 weight 0.6386573910713196
2024-05-26 02:35:11,382 - INFO - 已处理 3510000 对节点, Similarity between (4266, 4357): 0.5511911511421204 weight 1.8142197132110596
2024-05-26 02:35:13,369 - INFO - 已处理 3515000 对节点, Similarity between (4275, 4511): 1.628332257270813 weight 0.6141214966773987
2024-05-26 02:35:15,359 - INFO - 已处理 3520000 对节点, Similarity between (4284, 4794): 1.7416598796844482 weight 0.5741615891456604
2024-05-26 02:35:17,369 - INFO - 已处理 3525000 对节点, Similarity between (4293, 5675): 2.8528800010681152 weight 0.3505217432975769
2024-05-26 02:35:21,328 - INFO - 已处理 3530000 对节点, Similarity between (4337, 4886): 1.5165619850158691 weight 0.6593818068504333
2024-05-26 02:35:23,357 - INFO - 已处理 3535000 对节点, Similarity between (4347, 4700): 2.1625921726226807 weight 0.46240589022636414
2024-05-26 02:35:25,393 - INFO - 已处理 3540000 对节点, Similarity between (4357, 4705): 1.400291919708252 weight 0.7141317129135132
2024-05-26 02:35:27,433 - INFO - 已处理 3545000 对节点, Similarity between (4367, 4906): 3.5182344913482666 weight 0.2842326760292053
2024-05-26 02:35:29,535 - INFO - 已处理 3550000 对节点, Similarity between (4378, 4419): 1.8616317510604858 weight 0.5371602773666382
2024-05-26 02:35:33,602 - INFO - 已处理 3555000 对节点, Similarity between (4425, 5053): 2.0513570308685303 weight 0.4874798059463501
2024-05-26 02:35:35,687 - INFO - 已处理 3560000 对节点, Similarity between (4436, 4960): 2.692260980606079 weight 0.37143364548683167
2024-05-26 02:35:37,790 - INFO - 已处理 3565000 对节点, Similarity between (4447, 5169): 2.832253932952881 weight 0.35307443141937256
2024-05-26 02:35:39,940 - INFO - 已处理 3570000 对节点, Similarity between (4459, 4634): 1.2910184860229492 weight 0.7745762467384338
2024-05-26 02:35:44,161 - INFO - 已处理 3575000 对节点, Similarity between (4510, 6058): 1.7688409090042114 weight 0.5653387904167175
2024-05-26 02:35:46,303 - INFO - 已处理 3580000 对节点, Similarity between (4523, 4614): 1.3210936784744263 weight 0.756942868232727
2024-05-26 02:35:48,456 - INFO - 已处理 3585000 对节点, Similarity between (4535, 5058): 1.369110107421875 weight 0.7303960919380188
2024-05-26 02:35:50,667 - INFO - 已处理 3590000 对节点, Similarity between (4548, 4972): 2.031494140625 weight 0.4922460913658142
2024-05-26 02:35:54,900 - INFO - 已处理 3595000 对节点, Similarity between (4602, 5502): 2.068227529525757 weight 0.48350346088409424
2024-05-26 02:35:57,136 - INFO - 已处理 3600000 对节点, Similarity between (4616, 5253): 2.117253065109253 weight 0.47230786085128784
2024-05-26 02:35:59,441 - INFO - 已处理 3605000 对节点, Similarity between (4631, 4774): 1.7327759265899658 weight 0.5771053433418274
2024-05-26 02:36:03,642 - INFO - 已处理 3610000 对节点, Similarity between (4687, 4812): 1.980319619178772 weight 0.5049664378166199
2024-05-26 02:36:05,987 - INFO - 已处理 3615000 对节点, Similarity between (4703, 4718): 1.8823133707046509 weight 0.5312583446502686
2024-05-26 02:36:08,446 - INFO - 已处理 3620000 对节点, Similarity between (4721, 5315): 3.671874523162842 weight 0.27233973145484924
2024-05-26 02:36:12,654 - INFO - 已处理 3625000 对节点, Similarity between (4780, 4991): 2.1425302028656006 weight 0.46673569083213806
2024-05-26 02:36:15,154 - INFO - 已处理 3630000 对节点, Similarity between (4799, 4967): 1.5373371839523315 weight 0.6504711508750916
2024-05-26 02:36:19,613 - INFO - 已处理 3635000 对节点, Similarity between (4866, 5324): 2.25132155418396 weight 0.44418156147003174
2024-05-26 02:36:22,327 - INFO - 已处理 3640000 对节点, Similarity between (4890, 4902): 2.954949140548706 weight 0.33841416239738464
2024-05-26 02:36:27,007 - INFO - 已处理 3645000 对节点, Similarity between (4966, 4973): 1.905967116355896 weight 0.5246652960777283
2024-05-26 02:36:31,859 - INFO - 已处理 3650000 对节点, Similarity between (5049, 5971): 2.3135969638824463 weight 0.4322255253791809
2024-05-26 02:36:36,923 - INFO - 已处理 3655000 对节点, Similarity between (5144, 5404): 2.6256141662597656 weight 0.3808618187904358
2024-05-26 02:36:44,540 - INFO - 已处理 3660000 对节点, Similarity between (5339, 5757): 2.6059112548828125 weight 0.38374143838882446
2024-05-26 02:36:54,898 - INFO - Total number of nodes: 6072
2024-05-26 02:36:54,898 - INFO - Total number of edges: 2357562
2024-05-26 02:36:54,898 - INFO - Average degree of nodes: 776.54
2024-05-26 02:37:33,423 - INFO - Graph saved as 'graph_Aus'
